<?xml version="1.0" encoding="utf-8"?>
<CoverageSession xmlns:xsd="http://www.w3.org/2001/XMLSchema" xmlns:xsi="http://www.w3.org/2001/XMLSchema-instance" Version="4.6.0.0">
  <Summary numSequencePoints="1465" visitedSequencePoints="332" numBranchPoints="393" visitedBranchPoints="103" sequenceCoverage="22.66" branchCoverage="26.21" maxCyclomaticComplexity="24" minCyclomaticComplexity="0" maxCrapScore="462" minCrapScore="0" visitedClasses="5" numClasses="49" visitedMethods="41" numMethods="225" />
  <Modules>
    <Module hash="A0-DA-04-2A-DE-59-0B-31-0E-E2-08-D6-D4-2F-16-36-A9-F8-1C-4F">
      <Summary numSequencePoints="766" visitedSequencePoints="130" numBranchPoints="131" visitedBranchPoints="26" sequenceCoverage="16.97" branchCoverage="19.85" maxCyclomaticComplexity="2" minCyclomaticComplexity="0" maxCrapScore="6" minCrapScore="0" visitedClasses="1" numClasses="20" visitedMethods="26" numMethods="125" />
      <ModulePath>C:\proj\WordDialogHelper\DialogHelper\DialogTests\bin\Debug\DialogTests.dll</ModulePath>
      <ModuleTime>2018-02-27T00:19:55.7722744Z</ModuleTime>
      <ModuleName>DialogTests</ModuleName>
      <Files>
        <File uid="1" fullPath="C:\proj\WordDialogHelper\DialogHelper\DialogTests\Parsing\LexingMath.cs" />
        <File uid="2" fullPath="C:\proj\WordDialogHelper\DialogHelper\DialogTests\Parsing\LexingWordLang.cs" />
        <File uid="3" fullPath="C:\proj\WordDialogHelper\DialogHelper\DialogTests\Parsing\OutcomeTests.cs" />
        <File uid="4" fullPath="C:\proj\WordDialogHelper\DialogHelper\DialogTests\Parsing\ToDialog.cs" />
        <File uid="5" fullPath="C:\proj\WordDialogHelper\DialogHelper\DialogTests\Parsing\ToTreeTests.cs" />
        <File uid="6" fullPath="C:\proj\WordDialogHelper\DialogHelper\DialogTests\Parsing\ToASTTests.cs" />
        <File uid="7" fullPath="C:\proj\WordDialogHelper\DialogHelper\DialogTests\AttributeFetch\MathTests.cs" />
        <File uid="8" fullPath="C:\proj\WordDialogHelper\DialogHelper\DialogTests\AttributeFetch\SimpleAttrTests.cs" />
        <File uid="12" fullPath="C:\proj\WordDialogHelper\DialogHelper\DialogTests\AttributeFetch\BasicEngine.cs" />
      </Files>
      <Classes>
        <Class>
          <Summary numSequencePoints="106" visitedSequencePoints="0" numBranchPoints="14" visitedBranchPoints="0" sequenceCoverage="0" branchCoverage="0" maxCyclomaticComplexity="1" minCyclomaticComplexity="1" maxCrapScore="2" minCrapScore="2" visitedClasses="0" numClasses="1" visitedMethods="0" numMethods="14" />
          <FullName>DialogTests.Parsing.LexingMath</FullName>
          <Methods>
            <Method visited="false" cyclomaticComplexity="1" nPathComplexity="0" sequenceCoverage="0" branchCoverage="0" crapScore="2" isConstructor="false" isStatic="false" isGetter="false" isSetter="false">
              <Summary numSequencePoints="5" visitedSequencePoints="0" numBranchPoints="1" visitedBranchPoints="0" sequenceCoverage="0" branchCoverage="0" maxCyclomaticComplexity="1" minCyclomaticComplexity="1" maxCrapScore="2" minCrapScore="2" visitedClasses="0" numClasses="0" visitedMethods="0" numMethods="1" />
              <MetadataToken>100663297</MetadataToken>
              <Name>System.Void DialogTests.Parsing.LexingMath::ConditionalMath_AddRefRight()</Name>
              <FileRef uid="1" />
              <SequencePoints>
                <SequencePoint vc="0" uspid="1" ordinal="0" offset="0" sl="18" sc="9" el="18" ec="10" bec="0" bev="0" fileid="1" />
                <SequencePoint vc="0" uspid="2" ordinal="1" offset="1" sl="19" sc="13" el="28" ec="3" bec="0" bev="0" fileid="1" />
                <SequencePoint vc="0" uspid="3" ordinal="2" offset="7" sl="29" sc="13" el="29" ec="52" bec="0" bev="0" fileid="1" />
                <SequencePoint vc="0" uspid="4" ordinal="3" offset="14" sl="30" sc="13" el="30" ec="68" bec="0" bev="0" fileid="1" />
                <SequencePoint vc="0" uspid="5" ordinal="4" offset="32" sl="32" sc="9" el="32" ec="10" bec="0" bev="0" fileid="1" />
              </SequencePoints>
              <BranchPoints />
              <MethodPoint xsi:type="SequencePoint" vc="0" uspid="1" ordinal="0" offset="0" sl="18" sc="9" el="18" ec="10" bec="0" bev="0" fileid="1" />
            </Method>
            <Method visited="false" cyclomaticComplexity="1" nPathComplexity="0" sequenceCoverage="0" branchCoverage="0" crapScore="2" isConstructor="false" isStatic="false" isGetter="false" isSetter="false">
              <Summary numSequencePoints="5" visitedSequencePoints="0" numBranchPoints="1" visitedBranchPoints="0" sequenceCoverage="0" branchCoverage="0" maxCyclomaticComplexity="1" minCyclomaticComplexity="1" maxCrapScore="2" minCrapScore="2" visitedClasses="0" numClasses="0" visitedMethods="0" numMethods="1" />
              <MetadataToken>100663298</MetadataToken>
              <Name>System.Void DialogTests.Parsing.LexingMath::ConditionalMath_AddRefLeft()</Name>
              <FileRef uid="1" />
              <SequencePoints>
                <SequencePoint vc="0" uspid="6" ordinal="0" offset="0" sl="36" sc="9" el="36" ec="10" bec="0" bev="0" fileid="1" />
                <SequencePoint vc="0" uspid="7" ordinal="1" offset="1" sl="37" sc="13" el="46" ec="3" bec="0" bev="0" fileid="1" />
                <SequencePoint vc="0" uspid="8" ordinal="2" offset="7" sl="47" sc="13" el="47" ec="52" bec="0" bev="0" fileid="1" />
                <SequencePoint vc="0" uspid="9" ordinal="3" offset="14" sl="48" sc="13" el="48" ec="68" bec="0" bev="0" fileid="1" />
                <SequencePoint vc="0" uspid="10" ordinal="4" offset="32" sl="50" sc="9" el="50" ec="10" bec="0" bev="0" fileid="1" />
              </SequencePoints>
              <BranchPoints />
              <MethodPoint xsi:type="SequencePoint" vc="0" uspid="6" ordinal="0" offset="0" sl="36" sc="9" el="36" ec="10" bec="0" bev="0" fileid="1" />
            </Method>
            <Method visited="false" cyclomaticComplexity="1" nPathComplexity="0" sequenceCoverage="0" branchCoverage="0" crapScore="2" isConstructor="false" isStatic="false" isGetter="false" isSetter="false">
              <Summary numSequencePoints="5" visitedSequencePoints="0" numBranchPoints="1" visitedBranchPoints="0" sequenceCoverage="0" branchCoverage="0" maxCyclomaticComplexity="1" minCyclomaticComplexity="1" maxCrapScore="2" minCrapScore="2" visitedClasses="0" numClasses="0" visitedMethods="0" numMethods="1" />
              <MetadataToken>100663299</MetadataToken>
              <Name>System.Void DialogTests.Parsing.LexingMath::ConditionalMath_AddLiteralRight()</Name>
              <FileRef uid="1" />
              <SequencePoints>
                <SequencePoint vc="0" uspid="11" ordinal="0" offset="0" sl="54" sc="9" el="54" ec="10" bec="0" bev="0" fileid="1" />
                <SequencePoint vc="0" uspid="12" ordinal="1" offset="1" sl="55" sc="13" el="64" ec="3" bec="0" bev="0" fileid="1" />
                <SequencePoint vc="0" uspid="13" ordinal="2" offset="7" sl="65" sc="13" el="65" ec="52" bec="0" bev="0" fileid="1" />
                <SequencePoint vc="0" uspid="14" ordinal="3" offset="14" sl="66" sc="13" el="66" ec="68" bec="0" bev="0" fileid="1" />
                <SequencePoint vc="0" uspid="15" ordinal="4" offset="32" sl="68" sc="9" el="68" ec="10" bec="0" bev="0" fileid="1" />
              </SequencePoints>
              <BranchPoints />
              <MethodPoint xsi:type="SequencePoint" vc="0" uspid="11" ordinal="0" offset="0" sl="54" sc="9" el="54" ec="10" bec="0" bev="0" fileid="1" />
            </Method>
            <Method visited="false" cyclomaticComplexity="1" nPathComplexity="0" sequenceCoverage="0" branchCoverage="0" crapScore="2" isConstructor="false" isStatic="false" isGetter="false" isSetter="false">
              <Summary numSequencePoints="5" visitedSequencePoints="0" numBranchPoints="1" visitedBranchPoints="0" sequenceCoverage="0" branchCoverage="0" maxCyclomaticComplexity="1" minCyclomaticComplexity="1" maxCrapScore="2" minCrapScore="2" visitedClasses="0" numClasses="0" visitedMethods="0" numMethods="1" />
              <MetadataToken>100663300</MetadataToken>
              <Name>System.Void DialogTests.Parsing.LexingMath::ConditionalMath_AddLiteralLeft()</Name>
              <FileRef uid="1" />
              <SequencePoints>
                <SequencePoint vc="0" uspid="16" ordinal="0" offset="0" sl="72" sc="9" el="72" ec="10" bec="0" bev="0" fileid="1" />
                <SequencePoint vc="0" uspid="17" ordinal="1" offset="1" sl="73" sc="13" el="82" ec="3" bec="0" bev="0" fileid="1" />
                <SequencePoint vc="0" uspid="18" ordinal="2" offset="7" sl="83" sc="13" el="83" ec="52" bec="0" bev="0" fileid="1" />
                <SequencePoint vc="0" uspid="19" ordinal="3" offset="14" sl="84" sc="13" el="84" ec="68" bec="0" bev="0" fileid="1" />
                <SequencePoint vc="0" uspid="20" ordinal="4" offset="32" sl="86" sc="9" el="86" ec="10" bec="0" bev="0" fileid="1" />
              </SequencePoints>
              <BranchPoints />
              <MethodPoint xsi:type="SequencePoint" vc="0" uspid="16" ordinal="0" offset="0" sl="72" sc="9" el="72" ec="10" bec="0" bev="0" fileid="1" />
            </Method>
            <Method visited="false" cyclomaticComplexity="1" nPathComplexity="0" sequenceCoverage="0" branchCoverage="0" crapScore="2" isConstructor="false" isStatic="false" isGetter="false" isSetter="false">
              <Summary numSequencePoints="5" visitedSequencePoints="0" numBranchPoints="1" visitedBranchPoints="0" sequenceCoverage="0" branchCoverage="0" maxCyclomaticComplexity="1" minCyclomaticComplexity="1" maxCrapScore="2" minCrapScore="2" visitedClasses="0" numClasses="0" visitedMethods="0" numMethods="1" />
              <MetadataToken>100663301</MetadataToken>
              <Name>System.Void DialogTests.Parsing.LexingMath::ConditionalMath_AddLiteralLeftSeveral()</Name>
              <FileRef uid="1" />
              <SequencePoints>
                <SequencePoint vc="0" uspid="21" ordinal="0" offset="0" sl="90" sc="9" el="90" ec="10" bec="0" bev="0" fileid="1" />
                <SequencePoint vc="0" uspid="22" ordinal="1" offset="1" sl="91" sc="13" el="100" ec="3" bec="0" bev="0" fileid="1" />
                <SequencePoint vc="0" uspid="23" ordinal="2" offset="7" sl="101" sc="13" el="101" ec="52" bec="0" bev="0" fileid="1" />
                <SequencePoint vc="0" uspid="24" ordinal="3" offset="14" sl="102" sc="13" el="102" ec="68" bec="0" bev="0" fileid="1" />
                <SequencePoint vc="0" uspid="25" ordinal="4" offset="32" sl="104" sc="9" el="104" ec="10" bec="0" bev="0" fileid="1" />
              </SequencePoints>
              <BranchPoints />
              <MethodPoint xsi:type="SequencePoint" vc="0" uspid="21" ordinal="0" offset="0" sl="90" sc="9" el="90" ec="10" bec="0" bev="0" fileid="1" />
            </Method>
            <Method visited="false" cyclomaticComplexity="1" nPathComplexity="0" sequenceCoverage="0" branchCoverage="0" crapScore="2" isConstructor="false" isStatic="false" isGetter="false" isSetter="false">
              <Summary numSequencePoints="9" visitedSequencePoints="0" numBranchPoints="1" visitedBranchPoints="0" sequenceCoverage="0" branchCoverage="0" maxCyclomaticComplexity="1" minCyclomaticComplexity="1" maxCrapScore="2" minCrapScore="2" visitedClasses="0" numClasses="0" visitedMethods="0" numMethods="1" />
              <MetadataToken>100663302</MetadataToken>
              <Name>System.Void DialogTests.Parsing.LexingMath::ConditionalMath_AddLotsOfSpaces()</Name>
              <FileRef uid="1" />
              <SequencePoints>
                <SequencePoint vc="0" uspid="26" ordinal="0" offset="0" sl="108" sc="9" el="108" ec="10" bec="0" bev="0" fileid="1" />
                <SequencePoint vc="0" uspid="27" ordinal="1" offset="1" sl="109" sc="13" el="118" ec="3" bec="0" bev="0" fileid="1" />
                <SequencePoint vc="0" uspid="28" ordinal="2" offset="7" sl="119" sc="13" el="119" ec="52" bec="0" bev="0" fileid="1" />
                <SequencePoint vc="0" uspid="29" ordinal="3" offset="14" sl="120" sc="13" el="120" ec="68" bec="0" bev="0" fileid="1" />
                <SequencePoint vc="0" uspid="30" ordinal="4" offset="32" sl="121" sc="13" el="121" ec="41" bec="0" bev="0" fileid="1" />
                <SequencePoint vc="0" uspid="31" ordinal="5" offset="38" sl="122" sc="13" el="122" ec="102" bec="0" bev="0" fileid="1" />
                <SequencePoint vc="0" uspid="32" ordinal="6" offset="68" sl="123" sc="13" el="123" ec="55" bec="0" bev="0" fileid="1" />
                <SequencePoint vc="0" uspid="33" ordinal="7" offset="77" sl="124" sc="13" el="124" ec="64" bec="0" bev="0" fileid="1" />
                <SequencePoint vc="0" uspid="34" ordinal="8" offset="90" sl="125" sc="9" el="125" ec="10" bec="0" bev="0" fileid="1" />
              </SequencePoints>
              <BranchPoints />
              <MethodPoint xsi:type="SequencePoint" vc="0" uspid="26" ordinal="0" offset="0" sl="108" sc="9" el="108" ec="10" bec="0" bev="0" fileid="1" />
            </Method>
            <Method visited="false" cyclomaticComplexity="1" nPathComplexity="0" sequenceCoverage="0" branchCoverage="0" crapScore="2" isConstructor="false" isStatic="false" isGetter="false" isSetter="false">
              <Summary numSequencePoints="9" visitedSequencePoints="0" numBranchPoints="1" visitedBranchPoints="0" sequenceCoverage="0" branchCoverage="0" maxCyclomaticComplexity="1" minCyclomaticComplexity="1" maxCrapScore="2" minCrapScore="2" visitedClasses="0" numClasses="0" visitedMethods="0" numMethods="1" />
              <MetadataToken>100663303</MetadataToken>
              <Name>System.Void DialogTests.Parsing.LexingMath::ConditionalMath_SubtractRight()</Name>
              <FileRef uid="1" />
              <SequencePoints>
                <SequencePoint vc="0" uspid="35" ordinal="0" offset="0" sl="129" sc="9" el="129" ec="10" bec="0" bev="0" fileid="1" />
                <SequencePoint vc="0" uspid="36" ordinal="1" offset="1" sl="130" sc="13" el="139" ec="3" bec="0" bev="0" fileid="1" />
                <SequencePoint vc="0" uspid="37" ordinal="2" offset="7" sl="140" sc="13" el="140" ec="52" bec="0" bev="0" fileid="1" />
                <SequencePoint vc="0" uspid="38" ordinal="3" offset="14" sl="141" sc="13" el="141" ec="68" bec="0" bev="0" fileid="1" />
                <SequencePoint vc="0" uspid="39" ordinal="4" offset="32" sl="142" sc="13" el="142" ec="41" bec="0" bev="0" fileid="1" />
                <SequencePoint vc="0" uspid="40" ordinal="5" offset="38" sl="143" sc="13" el="143" ec="102" bec="0" bev="0" fileid="1" />
                <SequencePoint vc="0" uspid="41" ordinal="6" offset="68" sl="144" sc="13" el="144" ec="55" bec="0" bev="0" fileid="1" />
                <SequencePoint vc="0" uspid="42" ordinal="7" offset="77" sl="145" sc="13" el="145" ec="48" bec="0" bev="0" fileid="1" />
                <SequencePoint vc="0" uspid="43" ordinal="8" offset="90" sl="146" sc="9" el="146" ec="10" bec="0" bev="0" fileid="1" />
              </SequencePoints>
              <BranchPoints />
              <MethodPoint xsi:type="SequencePoint" vc="0" uspid="35" ordinal="0" offset="0" sl="129" sc="9" el="129" ec="10" bec="0" bev="0" fileid="1" />
            </Method>
            <Method visited="false" cyclomaticComplexity="1" nPathComplexity="0" sequenceCoverage="0" branchCoverage="0" crapScore="2" isConstructor="false" isStatic="false" isGetter="false" isSetter="false">
              <Summary numSequencePoints="9" visitedSequencePoints="0" numBranchPoints="1" visitedBranchPoints="0" sequenceCoverage="0" branchCoverage="0" maxCyclomaticComplexity="1" minCyclomaticComplexity="1" maxCrapScore="2" minCrapScore="2" visitedClasses="0" numClasses="0" visitedMethods="0" numMethods="1" />
              <MetadataToken>100663304</MetadataToken>
              <Name>System.Void DialogTests.Parsing.LexingMath::ConditionalMath_PEMDAS_AddThenMult()</Name>
              <FileRef uid="1" />
              <SequencePoints>
                <SequencePoint vc="0" uspid="44" ordinal="0" offset="0" sl="153" sc="9" el="153" ec="10" bec="0" bev="0" fileid="1" />
                <SequencePoint vc="0" uspid="45" ordinal="1" offset="1" sl="154" sc="13" el="163" ec="3" bec="0" bev="0" fileid="1" />
                <SequencePoint vc="0" uspid="46" ordinal="2" offset="7" sl="164" sc="13" el="164" ec="51" bec="0" bev="0" fileid="1" />
                <SequencePoint vc="0" uspid="47" ordinal="3" offset="14" sl="165" sc="13" el="165" ec="66" bec="0" bev="0" fileid="1" />
                <SequencePoint vc="0" uspid="48" ordinal="4" offset="32" sl="168" sc="13" el="168" ec="41" bec="0" bev="0" fileid="1" />
                <SequencePoint vc="0" uspid="49" ordinal="5" offset="38" sl="169" sc="13" el="169" ec="100" bec="0" bev="0" fileid="1" />
                <SequencePoint vc="0" uspid="50" ordinal="6" offset="68" sl="170" sc="13" el="170" ec="55" bec="0" bev="0" fileid="1" />
                <SequencePoint vc="0" uspid="51" ordinal="7" offset="77" sl="171" sc="13" el="171" ec="54" bec="0" bev="0" fileid="1" />
                <SequencePoint vc="0" uspid="52" ordinal="8" offset="90" sl="173" sc="9" el="173" ec="10" bec="0" bev="0" fileid="1" />
              </SequencePoints>
              <BranchPoints />
              <MethodPoint xsi:type="SequencePoint" vc="0" uspid="44" ordinal="0" offset="0" sl="153" sc="9" el="153" ec="10" bec="0" bev="0" fileid="1" />
            </Method>
            <Method visited="false" cyclomaticComplexity="1" nPathComplexity="0" sequenceCoverage="0" branchCoverage="0" crapScore="2" isConstructor="false" isStatic="false" isGetter="false" isSetter="false">
              <Summary numSequencePoints="9" visitedSequencePoints="0" numBranchPoints="1" visitedBranchPoints="0" sequenceCoverage="0" branchCoverage="0" maxCyclomaticComplexity="1" minCyclomaticComplexity="1" maxCrapScore="2" minCrapScore="2" visitedClasses="0" numClasses="0" visitedMethods="0" numMethods="1" />
              <MetadataToken>100663305</MetadataToken>
              <Name>System.Void DialogTests.Parsing.LexingMath::ConditionalMath_PEMDAS_MultThenAdd()</Name>
              <FileRef uid="1" />
              <SequencePoints>
                <SequencePoint vc="0" uspid="53" ordinal="0" offset="0" sl="177" sc="9" el="177" ec="10" bec="0" bev="0" fileid="1" />
                <SequencePoint vc="0" uspid="54" ordinal="1" offset="1" sl="179" sc="13" el="188" ec="3" bec="0" bev="0" fileid="1" />
                <SequencePoint vc="0" uspid="55" ordinal="2" offset="7" sl="189" sc="13" el="189" ec="51" bec="0" bev="0" fileid="1" />
                <SequencePoint vc="0" uspid="56" ordinal="3" offset="14" sl="190" sc="13" el="190" ec="66" bec="0" bev="0" fileid="1" />
                <SequencePoint vc="0" uspid="57" ordinal="4" offset="32" sl="192" sc="13" el="192" ec="41" bec="0" bev="0" fileid="1" />
                <SequencePoint vc="0" uspid="58" ordinal="5" offset="38" sl="194" sc="13" el="194" ec="100" bec="0" bev="0" fileid="1" />
                <SequencePoint vc="0" uspid="59" ordinal="6" offset="68" sl="195" sc="13" el="195" ec="55" bec="0" bev="0" fileid="1" />
                <SequencePoint vc="0" uspid="60" ordinal="7" offset="77" sl="196" sc="13" el="196" ec="54" bec="0" bev="0" fileid="1" />
                <SequencePoint vc="0" uspid="61" ordinal="8" offset="90" sl="198" sc="9" el="198" ec="10" bec="0" bev="0" fileid="1" />
              </SequencePoints>
              <BranchPoints />
              <MethodPoint xsi:type="SequencePoint" vc="0" uspid="53" ordinal="0" offset="0" sl="177" sc="9" el="177" ec="10" bec="0" bev="0" fileid="1" />
            </Method>
            <Method visited="false" cyclomaticComplexity="1" nPathComplexity="0" sequenceCoverage="0" branchCoverage="0" crapScore="2" isConstructor="false" isStatic="false" isGetter="false" isSetter="false">
              <Summary numSequencePoints="9" visitedSequencePoints="0" numBranchPoints="1" visitedBranchPoints="0" sequenceCoverage="0" branchCoverage="0" maxCyclomaticComplexity="1" minCyclomaticComplexity="1" maxCrapScore="2" minCrapScore="2" visitedClasses="0" numClasses="0" visitedMethods="0" numMethods="1" />
              <MetadataToken>100663306</MetadataToken>
              <Name>System.Void DialogTests.Parsing.LexingMath::ConditionalMath_Complicated()</Name>
              <FileRef uid="1" />
              <SequencePoints>
                <SequencePoint vc="0" uspid="62" ordinal="0" offset="0" sl="202" sc="9" el="202" ec="10" bec="0" bev="0" fileid="1" />
                <SequencePoint vc="0" uspid="63" ordinal="1" offset="1" sl="203" sc="13" el="212" ec="3" bec="0" bev="0" fileid="1" />
                <SequencePoint vc="0" uspid="64" ordinal="2" offset="7" sl="214" sc="13" el="214" ec="51" bec="0" bev="0" fileid="1" />
                <SequencePoint vc="0" uspid="65" ordinal="3" offset="14" sl="215" sc="13" el="215" ec="66" bec="0" bev="0" fileid="1" />
                <SequencePoint vc="0" uspid="66" ordinal="4" offset="32" sl="216" sc="13" el="216" ec="100" bec="0" bev="0" fileid="1" />
                <SequencePoint vc="0" uspid="67" ordinal="5" offset="62" sl="217" sc="13" el="217" ec="41" bec="0" bev="0" fileid="1" />
                <SequencePoint vc="0" uspid="68" ordinal="6" offset="68" sl="218" sc="13" el="218" ec="55" bec="0" bev="0" fileid="1" />
                <SequencePoint vc="0" uspid="69" ordinal="7" offset="77" sl="219" sc="13" el="219" ec="72" bec="0" bev="0" fileid="1" />
                <SequencePoint vc="0" uspid="70" ordinal="8" offset="90" sl="221" sc="9" el="221" ec="10" bec="0" bev="0" fileid="1" />
              </SequencePoints>
              <BranchPoints />
              <MethodPoint xsi:type="SequencePoint" vc="0" uspid="62" ordinal="0" offset="0" sl="202" sc="9" el="202" ec="10" bec="0" bev="0" fileid="1" />
            </Method>
            <Method visited="false" cyclomaticComplexity="1" nPathComplexity="0" sequenceCoverage="0" branchCoverage="0" crapScore="2" isConstructor="false" isStatic="false" isGetter="false" isSetter="false">
              <Summary numSequencePoints="9" visitedSequencePoints="0" numBranchPoints="1" visitedBranchPoints="0" sequenceCoverage="0" branchCoverage="0" maxCyclomaticComplexity="1" minCyclomaticComplexity="1" maxCrapScore="2" minCrapScore="2" visitedClasses="0" numClasses="0" visitedMethods="0" numMethods="1" />
              <MetadataToken>100663307</MetadataToken>
              <Name>System.Void DialogTests.Parsing.LexingMath::ConditionalMath_PEMDAS_MultDivide()</Name>
              <FileRef uid="1" />
              <SequencePoints>
                <SequencePoint vc="0" uspid="71" ordinal="0" offset="0" sl="225" sc="9" el="225" ec="10" bec="0" bev="0" fileid="1" />
                <SequencePoint vc="0" uspid="72" ordinal="1" offset="1" sl="226" sc="13" el="235" ec="3" bec="0" bev="0" fileid="1" />
                <SequencePoint vc="0" uspid="73" ordinal="2" offset="7" sl="237" sc="13" el="237" ec="51" bec="0" bev="0" fileid="1" />
                <SequencePoint vc="0" uspid="74" ordinal="3" offset="14" sl="238" sc="13" el="238" ec="66" bec="0" bev="0" fileid="1" />
                <SequencePoint vc="0" uspid="75" ordinal="4" offset="32" sl="239" sc="13" el="239" ec="100" bec="0" bev="0" fileid="1" />
                <SequencePoint vc="0" uspid="76" ordinal="5" offset="62" sl="240" sc="13" el="240" ec="41" bec="0" bev="0" fileid="1" />
                <SequencePoint vc="0" uspid="77" ordinal="6" offset="68" sl="241" sc="13" el="241" ec="55" bec="0" bev="0" fileid="1" />
                <SequencePoint vc="0" uspid="78" ordinal="7" offset="77" sl="242" sc="13" el="242" ec="54" bec="0" bev="0" fileid="1" />
                <SequencePoint vc="0" uspid="79" ordinal="8" offset="90" sl="244" sc="9" el="244" ec="10" bec="0" bev="0" fileid="1" />
              </SequencePoints>
              <BranchPoints />
              <MethodPoint xsi:type="SequencePoint" vc="0" uspid="71" ordinal="0" offset="0" sl="225" sc="9" el="225" ec="10" bec="0" bev="0" fileid="1" />
            </Method>
            <Method visited="false" cyclomaticComplexity="1" nPathComplexity="0" sequenceCoverage="0" branchCoverage="0" crapScore="2" isConstructor="false" isStatic="false" isGetter="false" isSetter="false">
              <Summary numSequencePoints="9" visitedSequencePoints="0" numBranchPoints="1" visitedBranchPoints="0" sequenceCoverage="0" branchCoverage="0" maxCyclomaticComplexity="1" minCyclomaticComplexity="1" maxCrapScore="2" minCrapScore="2" visitedClasses="0" numClasses="0" visitedMethods="0" numMethods="1" />
              <MetadataToken>100663308</MetadataToken>
              <Name>System.Void DialogTests.Parsing.LexingMath::ConditionalMath_PEMDAS_Parens()</Name>
              <FileRef uid="1" />
              <SequencePoints>
                <SequencePoint vc="0" uspid="80" ordinal="0" offset="0" sl="248" sc="9" el="248" ec="10" bec="0" bev="0" fileid="1" />
                <SequencePoint vc="0" uspid="81" ordinal="1" offset="1" sl="249" sc="13" el="258" ec="3" bec="0" bev="0" fileid="1" />
                <SequencePoint vc="0" uspid="82" ordinal="2" offset="7" sl="260" sc="13" el="260" ec="51" bec="0" bev="0" fileid="1" />
                <SequencePoint vc="0" uspid="83" ordinal="3" offset="14" sl="261" sc="13" el="261" ec="66" bec="0" bev="0" fileid="1" />
                <SequencePoint vc="0" uspid="84" ordinal="4" offset="32" sl="262" sc="13" el="262" ec="100" bec="0" bev="0" fileid="1" />
                <SequencePoint vc="0" uspid="85" ordinal="5" offset="62" sl="263" sc="13" el="263" ec="41" bec="0" bev="0" fileid="1" />
                <SequencePoint vc="0" uspid="86" ordinal="6" offset="68" sl="264" sc="13" el="264" ec="55" bec="0" bev="0" fileid="1" />
                <SequencePoint vc="0" uspid="87" ordinal="7" offset="77" sl="265" sc="13" el="265" ec="54" bec="0" bev="0" fileid="1" />
                <SequencePoint vc="0" uspid="88" ordinal="8" offset="90" sl="267" sc="9" el="267" ec="10" bec="0" bev="0" fileid="1" />
              </SequencePoints>
              <BranchPoints />
              <MethodPoint xsi:type="SequencePoint" vc="0" uspid="80" ordinal="0" offset="0" sl="248" sc="9" el="248" ec="10" bec="0" bev="0" fileid="1" />
            </Method>
            <Method visited="false" cyclomaticComplexity="1" nPathComplexity="0" sequenceCoverage="0" branchCoverage="0" crapScore="2" isConstructor="false" isStatic="false" isGetter="false" isSetter="false">
              <Summary numSequencePoints="9" visitedSequencePoints="0" numBranchPoints="1" visitedBranchPoints="0" sequenceCoverage="0" branchCoverage="0" maxCyclomaticComplexity="1" minCyclomaticComplexity="1" maxCrapScore="2" minCrapScore="2" visitedClasses="0" numClasses="0" visitedMethods="0" numMethods="1" />
              <MetadataToken>100663309</MetadataToken>
              <Name>System.Void DialogTests.Parsing.LexingMath::ConditionalMath_PEMDAS_ParensHarder()</Name>
              <FileRef uid="1" />
              <SequencePoints>
                <SequencePoint vc="0" uspid="89" ordinal="0" offset="0" sl="271" sc="9" el="271" ec="10" bec="0" bev="0" fileid="1" />
                <SequencePoint vc="0" uspid="90" ordinal="1" offset="1" sl="272" sc="13" el="281" ec="3" bec="0" bev="0" fileid="1" />
                <SequencePoint vc="0" uspid="91" ordinal="2" offset="7" sl="283" sc="13" el="283" ec="51" bec="0" bev="0" fileid="1" />
                <SequencePoint vc="0" uspid="92" ordinal="3" offset="14" sl="284" sc="13" el="284" ec="66" bec="0" bev="0" fileid="1" />
                <SequencePoint vc="0" uspid="93" ordinal="4" offset="32" sl="285" sc="13" el="285" ec="100" bec="0" bev="0" fileid="1" />
                <SequencePoint vc="0" uspid="94" ordinal="5" offset="62" sl="286" sc="13" el="286" ec="41" bec="0" bev="0" fileid="1" />
                <SequencePoint vc="0" uspid="95" ordinal="6" offset="68" sl="287" sc="13" el="287" ec="55" bec="0" bev="0" fileid="1" />
                <SequencePoint vc="0" uspid="96" ordinal="7" offset="77" sl="288" sc="13" el="288" ec="72" bec="0" bev="0" fileid="1" />
                <SequencePoint vc="0" uspid="97" ordinal="8" offset="90" sl="290" sc="9" el="290" ec="10" bec="0" bev="0" fileid="1" />
              </SequencePoints>
              <BranchPoints />
              <MethodPoint xsi:type="SequencePoint" vc="0" uspid="89" ordinal="0" offset="0" sl="271" sc="9" el="271" ec="10" bec="0" bev="0" fileid="1" />
            </Method>
            <Method visited="false" cyclomaticComplexity="1" nPathComplexity="0" sequenceCoverage="0" branchCoverage="0" crapScore="2" isConstructor="false" isStatic="false" isGetter="false" isSetter="false">
              <Summary numSequencePoints="9" visitedSequencePoints="0" numBranchPoints="1" visitedBranchPoints="0" sequenceCoverage="0" branchCoverage="0" maxCyclomaticComplexity="1" minCyclomaticComplexity="1" maxCrapScore="2" minCrapScore="2" visitedClasses="0" numClasses="0" visitedMethods="0" numMethods="1" />
              <MetadataToken>100663310</MetadataToken>
              <Name>System.Void DialogTests.Parsing.LexingMath::ConditionalMath_PEMDAS_ParensNested()</Name>
              <FileRef uid="1" />
              <SequencePoints>
                <SequencePoint vc="0" uspid="98" ordinal="0" offset="0" sl="294" sc="9" el="294" ec="10" bec="0" bev="0" fileid="1" />
                <SequencePoint vc="0" uspid="99" ordinal="1" offset="1" sl="295" sc="13" el="304" ec="3" bec="0" bev="0" fileid="1" />
                <SequencePoint vc="0" uspid="100" ordinal="2" offset="7" sl="306" sc="13" el="306" ec="51" bec="0" bev="0" fileid="1" />
                <SequencePoint vc="0" uspid="101" ordinal="3" offset="14" sl="307" sc="13" el="307" ec="66" bec="0" bev="0" fileid="1" />
                <SequencePoint vc="0" uspid="102" ordinal="4" offset="32" sl="308" sc="13" el="308" ec="100" bec="0" bev="0" fileid="1" />
                <SequencePoint vc="0" uspid="103" ordinal="5" offset="62" sl="309" sc="13" el="309" ec="41" bec="0" bev="0" fileid="1" />
                <SequencePoint vc="0" uspid="104" ordinal="6" offset="68" sl="310" sc="13" el="310" ec="55" bec="0" bev="0" fileid="1" />
                <SequencePoint vc="0" uspid="105" ordinal="7" offset="77" sl="311" sc="13" el="311" ec="72" bec="0" bev="0" fileid="1" />
                <SequencePoint vc="0" uspid="106" ordinal="8" offset="90" sl="313" sc="9" el="313" ec="10" bec="0" bev="0" fileid="1" />
              </SequencePoints>
              <BranchPoints />
              <MethodPoint xsi:type="SequencePoint" vc="0" uspid="98" ordinal="0" offset="0" sl="294" sc="9" el="294" ec="10" bec="0" bev="0" fileid="1" />
            </Method>
            <Method visited="false" cyclomaticComplexity="1" nPathComplexity="0" sequenceCoverage="0" branchCoverage="0" crapScore="2" isConstructor="true" isStatic="false" isGetter="false" isSetter="false">
              <Summary numSequencePoints="0" visitedSequencePoints="0" numBranchPoints="0" visitedBranchPoints="0" sequenceCoverage="0" branchCoverage="0" maxCyclomaticComplexity="1" minCyclomaticComplexity="1" maxCrapScore="2" minCrapScore="2" visitedClasses="0" numClasses="0" visitedMethods="0" numMethods="0" />
              <MetadataToken>100663311</MetadataToken>
              <Name>System.Void DialogTests.Parsing.LexingMath::.ctor()</Name>
              <SequencePoints />
              <BranchPoints />
              <MethodPoint vc="0" uspid="107" ordinal="0" offset="0" />
            </Method>
          </Methods>
        </Class>
        <Class>
          <Summary numSequencePoints="290" visitedSequencePoints="0" numBranchPoints="50" visitedBranchPoints="0" sequenceCoverage="0" branchCoverage="0" maxCyclomaticComplexity="2" minCyclomaticComplexity="1" maxCrapScore="6" minCrapScore="2" visitedClasses="0" numClasses="1" visitedMethods="0" numMethods="44" />
          <FullName>DialogTests.Parsing.LexingWordLang</FullName>
          <Methods>
            <Method visited="false" cyclomaticComplexity="1" nPathComplexity="0" sequenceCoverage="0" branchCoverage="0" crapScore="2" isConstructor="false" isStatic="false" isGetter="false" isSetter="false">
              <Summary numSequencePoints="9" visitedSequencePoints="0" numBranchPoints="1" visitedBranchPoints="0" sequenceCoverage="0" branchCoverage="0" maxCyclomaticComplexity="1" minCyclomaticComplexity="1" maxCrapScore="2" minCrapScore="2" visitedClasses="0" numClasses="0" visitedMethods="0" numMethods="1" />
              <MetadataToken>100663312</MetadataToken>
              <Name>DialogAddin.WordLang.LexerErrorListener DialogTests.Parsing.LexingWordLang::GetLexerErrors(System.String)</Name>
              <FileRef uid="2" />
              <SequencePoints>
                <SequencePoint vc="0" uspid="108" ordinal="0" offset="0" sl="20" sc="9" el="20" ec="10" bec="0" bev="0" fileid="2" />
                <SequencePoint vc="0" uspid="109" ordinal="1" offset="1" sl="21" sc="13" el="21" ec="62" bec="0" bev="0" fileid="2" />
                <SequencePoint vc="0" uspid="110" ordinal="2" offset="7" sl="23" sc="13" el="23" ec="57" bec="0" bev="0" fileid="2" />
                <SequencePoint vc="0" uspid="111" ordinal="3" offset="14" sl="24" sc="13" el="24" ec="56" bec="0" bev="0" fileid="2" />
                <SequencePoint vc="0" uspid="112" ordinal="4" offset="21" sl="25" sc="13" el="25" ec="55" bec="0" bev="0" fileid="2" />
                <SequencePoint vc="0" uspid="113" ordinal="5" offset="29" sl="27" sc="13" el="27" ec="60" bec="0" bev="0" fileid="2" />
                <SequencePoint vc="0" uspid="114" ordinal="6" offset="36" sl="28" sc="13" el="28" ec="47" bec="0" bev="0" fileid="2" />
                <SequencePoint vc="0" uspid="115" ordinal="7" offset="44" sl="29" sc="13" el="29" ec="38" bec="0" bev="0" fileid="2" />
                <SequencePoint vc="0" uspid="116" ordinal="8" offset="49" sl="30" sc="9" el="30" ec="10" bec="0" bev="0" fileid="2" />
              </SequencePoints>
              <BranchPoints />
              <MethodPoint xsi:type="SequencePoint" vc="0" uspid="108" ordinal="0" offset="0" sl="20" sc="9" el="20" ec="10" bec="0" bev="0" fileid="2" />
            </Method>
            <Method visited="false" cyclomaticComplexity="1" nPathComplexity="0" sequenceCoverage="0" branchCoverage="0" crapScore="2" isConstructor="false" isStatic="false" isGetter="false" isSetter="false">
              <Summary numSequencePoints="12" visitedSequencePoints="0" numBranchPoints="1" visitedBranchPoints="0" sequenceCoverage="0" branchCoverage="0" maxCyclomaticComplexity="1" minCyclomaticComplexity="1" maxCrapScore="2" minCrapScore="2" visitedClasses="0" numClasses="0" visitedMethods="0" numMethods="1" />
              <MetadataToken>100663313</MetadataToken>
              <Name>System.Tuple`2&lt;DialogAddin.WordLang.ParserErrorListener,DialogAddin.WordLang.LexerErrorListener&gt; DialogTests.Parsing.LexingWordLang::GetParseErrors(System.String)</Name>
              <FileRef uid="2" />
              <SequencePoints>
                <SequencePoint vc="0" uspid="117" ordinal="0" offset="0" sl="33" sc="9" el="33" ec="10" bec="0" bev="0" fileid="2" />
                <SequencePoint vc="0" uspid="118" ordinal="1" offset="1" sl="34" sc="13" el="34" ec="62" bec="0" bev="0" fileid="2" />
                <SequencePoint vc="0" uspid="119" ordinal="2" offset="7" sl="36" sc="13" el="36" ec="57" bec="0" bev="0" fileid="2" />
                <SequencePoint vc="0" uspid="120" ordinal="3" offset="14" sl="37" sc="13" el="37" ec="56" bec="0" bev="0" fileid="2" />
                <SequencePoint vc="0" uspid="121" ordinal="4" offset="21" sl="38" sc="13" el="38" ec="55" bec="0" bev="0" fileid="2" />
                <SequencePoint vc="0" uspid="122" ordinal="5" offset="29" sl="40" sc="13" el="40" ec="60" bec="0" bev="0" fileid="2" />
                <SequencePoint vc="0" uspid="123" ordinal="6" offset="36" sl="42" sc="13" el="42" ec="63" bec="0" bev="0" fileid="2" />
                <SequencePoint vc="0" uspid="124" ordinal="7" offset="43" sl="43" sc="13" el="43" ec="58" bec="0" bev="0" fileid="2" />
                <SequencePoint vc="0" uspid="125" ordinal="8" offset="51" sl="44" sc="13" el="44" ec="56" bec="0" bev="0" fileid="2" />
                <SequencePoint vc="0" uspid="126" ordinal="9" offset="61" sl="46" sc="13" el="46" ec="37" bec="0" bev="0" fileid="2" />
                <SequencePoint vc="0" uspid="127" ordinal="10" offset="70" sl="48" sc="13" el="48" ec="109" bec="0" bev="0" fileid="2" />
                <SequencePoint vc="0" uspid="128" ordinal="11" offset="82" sl="49" sc="9" el="49" ec="10" bec="0" bev="0" fileid="2" />
              </SequencePoints>
              <BranchPoints />
              <MethodPoint xsi:type="SequencePoint" vc="0" uspid="117" ordinal="0" offset="0" sl="33" sc="9" el="33" ec="10" bec="0" bev="0" fileid="2" />
            </Method>
            <Method visited="false" cyclomaticComplexity="1" nPathComplexity="0" sequenceCoverage="0" branchCoverage="0" crapScore="2" isConstructor="false" isStatic="false" isGetter="false" isSetter="false">
              <Summary numSequencePoints="5" visitedSequencePoints="0" numBranchPoints="1" visitedBranchPoints="0" sequenceCoverage="0" branchCoverage="0" maxCyclomaticComplexity="1" minCyclomaticComplexity="1" maxCrapScore="2" minCrapScore="2" visitedClasses="0" numClasses="0" visitedMethods="0" numMethods="1" />
              <MetadataToken>100663314</MetadataToken>
              <Name>System.Void DialogTests.Parsing.LexingWordLang::ValidWordSimple()</Name>
              <FileRef uid="2" />
              <SequencePoints>
                <SequencePoint vc="0" uspid="129" ordinal="0" offset="0" sl="53" sc="9" el="53" ec="10" bec="0" bev="0" fileid="2" />
                <SequencePoint vc="0" uspid="130" ordinal="1" offset="1" sl="54" sc="13" el="55" ec="3" bec="0" bev="0" fileid="2" />
                <SequencePoint vc="0" uspid="131" ordinal="2" offset="7" sl="56" sc="13" el="56" ec="48" bec="0" bev="0" fileid="2" />
                <SequencePoint vc="0" uspid="132" ordinal="3" offset="15" sl="58" sc="13" el="58" ec="48" bec="0" bev="0" fileid="2" />
                <SequencePoint vc="0" uspid="133" ordinal="4" offset="27" sl="59" sc="9" el="59" ec="10" bec="0" bev="0" fileid="2" />
              </SequencePoints>
              <BranchPoints />
              <MethodPoint xsi:type="SequencePoint" vc="0" uspid="129" ordinal="0" offset="0" sl="53" sc="9" el="53" ec="10" bec="0" bev="0" fileid="2" />
            </Method>
            <Method visited="false" cyclomaticComplexity="1" nPathComplexity="0" sequenceCoverage="0" branchCoverage="0" crapScore="2" isConstructor="false" isStatic="false" isGetter="false" isSetter="false">
              <Summary numSequencePoints="5" visitedSequencePoints="0" numBranchPoints="1" visitedBranchPoints="0" sequenceCoverage="0" branchCoverage="0" maxCyclomaticComplexity="1" minCyclomaticComplexity="1" maxCrapScore="2" minCrapScore="2" visitedClasses="0" numClasses="0" visitedMethods="0" numMethods="1" />
              <MetadataToken>100663315</MetadataToken>
              <Name>System.Void DialogTests.Parsing.LexingWordLang::InvalidWord_BadChar()</Name>
              <FileRef uid="2" />
              <SequencePoints>
                <SequencePoint vc="0" uspid="134" ordinal="0" offset="0" sl="63" sc="9" el="63" ec="10" bec="0" bev="0" fileid="2" />
                <SequencePoint vc="0" uspid="135" ordinal="1" offset="1" sl="64" sc="13" el="64" ec="34" bec="0" bev="0" fileid="2" />
                <SequencePoint vc="0" uspid="136" ordinal="2" offset="7" sl="65" sc="13" el="65" ec="48" bec="0" bev="0" fileid="2" />
                <SequencePoint vc="0" uspid="137" ordinal="3" offset="15" sl="67" sc="13" el="67" ec="47" bec="0" bev="0" fileid="2" />
                <SequencePoint vc="0" uspid="138" ordinal="4" offset="27" sl="68" sc="9" el="68" ec="10" bec="0" bev="0" fileid="2" />
              </SequencePoints>
              <BranchPoints />
              <MethodPoint xsi:type="SequencePoint" vc="0" uspid="134" ordinal="0" offset="0" sl="63" sc="9" el="63" ec="10" bec="0" bev="0" fileid="2" />
            </Method>
            <Method visited="false" cyclomaticComplexity="1" nPathComplexity="0" sequenceCoverage="0" branchCoverage="0" crapScore="2" isConstructor="false" isStatic="false" isGetter="false" isSetter="false">
              <Summary numSequencePoints="9" visitedSequencePoints="0" numBranchPoints="1" visitedBranchPoints="0" sequenceCoverage="0" branchCoverage="0" maxCyclomaticComplexity="1" minCyclomaticComplexity="1" maxCrapScore="2" minCrapScore="2" visitedClasses="0" numClasses="0" visitedMethods="0" numMethods="1" />
              <MetadataToken>100663316</MetadataToken>
              <Name>System.Void DialogTests.Parsing.LexingWordLang::TemplateDialog()</Name>
              <FileRef uid="2" />
              <SequencePoints>
                <SequencePoint vc="0" uspid="139" ordinal="0" offset="0" sl="72" sc="9" el="72" ec="10" bec="0" bev="0" fileid="2" />
                <SequencePoint vc="0" uspid="140" ordinal="1" offset="1" sl="73" sc="13" el="82" ec="3" bec="0" bev="0" fileid="2" />
                <SequencePoint vc="0" uspid="141" ordinal="2" offset="7" sl="83" sc="13" el="83" ec="52" bec="0" bev="0" fileid="2" />
                <SequencePoint vc="0" uspid="142" ordinal="3" offset="14" sl="84" sc="13" el="84" ec="67" bec="0" bev="0" fileid="2" />
                <SequencePoint vc="0" uspid="143" ordinal="4" offset="32" sl="85" sc="13" el="85" ec="68" bec="0" bev="0" fileid="2" />
                <SequencePoint vc="0" uspid="144" ordinal="5" offset="50" sl="86" sc="13" el="86" ec="41" bec="0" bev="0" fileid="2" />
                <SequencePoint vc="0" uspid="145" ordinal="6" offset="56" sl="88" sc="13" el="88" ec="88" bec="0" bev="0" fileid="2" />
                <SequencePoint vc="0" uspid="146" ordinal="7" offset="86" sl="90" sc="13" el="90" ec="149" bec="0" bev="0" fileid="2" />
                <SequencePoint vc="0" uspid="147" ordinal="8" offset="98" sl="92" sc="9" el="92" ec="10" bec="0" bev="0" fileid="2" />
              </SequencePoints>
              <BranchPoints />
              <MethodPoint xsi:type="SequencePoint" vc="0" uspid="139" ordinal="0" offset="0" sl="72" sc="9" el="72" ec="10" bec="0" bev="0" fileid="2" />
            </Method>
            <Method visited="false" cyclomaticComplexity="1" nPathComplexity="0" sequenceCoverage="0" branchCoverage="0" crapScore="2" isConstructor="false" isStatic="false" isGetter="false" isSetter="false">
              <Summary numSequencePoints="5" visitedSequencePoints="0" numBranchPoints="1" visitedBranchPoints="0" sequenceCoverage="0" branchCoverage="0" maxCyclomaticComplexity="1" minCyclomaticComplexity="1" maxCrapScore="2" minCrapScore="2" visitedClasses="0" numClasses="0" visitedMethods="0" numMethods="1" />
              <MetadataToken>100663317</MetadataToken>
              <Name>System.Void DialogTests.Parsing.LexingWordLang::OptionalDisplayAs()</Name>
              <FileRef uid="2" />
              <SequencePoints>
                <SequencePoint vc="0" uspid="148" ordinal="0" offset="0" sl="96" sc="9" el="96" ec="10" bec="0" bev="0" fileid="2" />
                <SequencePoint vc="0" uspid="149" ordinal="1" offset="1" sl="97" sc="13" el="106" ec="3" bec="0" bev="0" fileid="2" />
                <SequencePoint vc="0" uspid="150" ordinal="2" offset="7" sl="107" sc="13" el="107" ec="52" bec="0" bev="0" fileid="2" />
                <SequencePoint vc="0" uspid="151" ordinal="3" offset="14" sl="108" sc="13" el="108" ec="68" bec="0" bev="0" fileid="2" />
                <SequencePoint vc="0" uspid="152" ordinal="4" offset="32" sl="110" sc="9" el="110" ec="10" bec="0" bev="0" fileid="2" />
              </SequencePoints>
              <BranchPoints />
              <MethodPoint xsi:type="SequencePoint" vc="0" uspid="148" ordinal="0" offset="0" sl="96" sc="9" el="96" ec="10" bec="0" bev="0" fileid="2" />
            </Method>
            <Method visited="false" cyclomaticComplexity="1" nPathComplexity="0" sequenceCoverage="0" branchCoverage="0" crapScore="2" isConstructor="false" isStatic="false" isGetter="false" isSetter="false">
              <Summary numSequencePoints="5" visitedSequencePoints="0" numBranchPoints="1" visitedBranchPoints="0" sequenceCoverage="0" branchCoverage="0" maxCyclomaticComplexity="1" minCyclomaticComplexity="1" maxCrapScore="2" minCrapScore="2" visitedClasses="0" numClasses="0" visitedMethods="0" numMethods="1" />
              <MetadataToken>100663318</MetadataToken>
              <Name>System.Void DialogTests.Parsing.LexingWordLang::ValidNegation_IsNot()</Name>
              <FileRef uid="2" />
              <SequencePoints>
                <SequencePoint vc="0" uspid="153" ordinal="0" offset="0" sl="114" sc="9" el="114" ec="10" bec="0" bev="0" fileid="2" />
                <SequencePoint vc="0" uspid="154" ordinal="1" offset="1" sl="115" sc="13" el="125" ec="3" bec="0" bev="0" fileid="2" />
                <SequencePoint vc="0" uspid="155" ordinal="2" offset="7" sl="126" sc="13" el="126" ec="52" bec="0" bev="0" fileid="2" />
                <SequencePoint vc="0" uspid="156" ordinal="3" offset="14" sl="127" sc="13" el="127" ec="68" bec="0" bev="0" fileid="2" />
                <SequencePoint vc="0" uspid="157" ordinal="4" offset="32" sl="131" sc="9" el="131" ec="10" bec="0" bev="0" fileid="2" />
              </SequencePoints>
              <BranchPoints />
              <MethodPoint xsi:type="SequencePoint" vc="0" uspid="153" ordinal="0" offset="0" sl="114" sc="9" el="114" ec="10" bec="0" bev="0" fileid="2" />
            </Method>
            <Method visited="false" cyclomaticComplexity="1" nPathComplexity="0" sequenceCoverage="0" branchCoverage="0" crapScore="2" isConstructor="false" isStatic="false" isGetter="false" isSetter="false">
              <Summary numSequencePoints="5" visitedSequencePoints="0" numBranchPoints="1" visitedBranchPoints="0" sequenceCoverage="0" branchCoverage="0" maxCyclomaticComplexity="1" minCyclomaticComplexity="1" maxCrapScore="2" minCrapScore="2" visitedClasses="0" numClasses="0" visitedMethods="0" numMethods="1" />
              <MetadataToken>100663319</MetadataToken>
              <Name>System.Void DialogTests.Parsing.LexingWordLang::ValidNegation_NotIs()</Name>
              <FileRef uid="2" />
              <SequencePoints>
                <SequencePoint vc="0" uspid="158" ordinal="0" offset="0" sl="135" sc="9" el="135" ec="10" bec="0" bev="0" fileid="2" />
                <SequencePoint vc="0" uspid="159" ordinal="1" offset="1" sl="136" sc="13" el="146" ec="3" bec="0" bev="0" fileid="2" />
                <SequencePoint vc="0" uspid="160" ordinal="2" offset="7" sl="147" sc="13" el="147" ec="52" bec="0" bev="0" fileid="2" />
                <SequencePoint vc="0" uspid="161" ordinal="3" offset="14" sl="148" sc="13" el="148" ec="68" bec="0" bev="0" fileid="2" />
                <SequencePoint vc="0" uspid="162" ordinal="4" offset="32" sl="149" sc="9" el="149" ec="10" bec="0" bev="0" fileid="2" />
              </SequencePoints>
              <BranchPoints />
              <MethodPoint xsi:type="SequencePoint" vc="0" uspid="158" ordinal="0" offset="0" sl="135" sc="9" el="135" ec="10" bec="0" bev="0" fileid="2" />
            </Method>
            <Method visited="false" cyclomaticComplexity="1" nPathComplexity="0" sequenceCoverage="0" branchCoverage="0" crapScore="2" isConstructor="false" isStatic="false" isGetter="false" isSetter="false">
              <Summary numSequencePoints="5" visitedSequencePoints="0" numBranchPoints="1" visitedBranchPoints="0" sequenceCoverage="0" branchCoverage="0" maxCyclomaticComplexity="1" minCyclomaticComplexity="1" maxCrapScore="2" minCrapScore="2" visitedClasses="0" numClasses="0" visitedMethods="0" numMethods="1" />
              <MetadataToken>100663320</MetadataToken>
              <Name>System.Void DialogTests.Parsing.LexingWordLang::ValidNegation_NotIsNoSpace()</Name>
              <FileRef uid="2" />
              <SequencePoints>
                <SequencePoint vc="0" uspid="163" ordinal="0" offset="0" sl="153" sc="9" el="153" ec="10" bec="0" bev="0" fileid="2" />
                <SequencePoint vc="0" uspid="164" ordinal="1" offset="1" sl="154" sc="13" el="164" ec="3" bec="0" bev="0" fileid="2" />
                <SequencePoint vc="0" uspid="165" ordinal="2" offset="7" sl="165" sc="13" el="165" ec="52" bec="0" bev="0" fileid="2" />
                <SequencePoint vc="0" uspid="166" ordinal="3" offset="14" sl="166" sc="13" el="166" ec="68" bec="0" bev="0" fileid="2" />
                <SequencePoint vc="0" uspid="167" ordinal="4" offset="32" sl="167" sc="9" el="167" ec="10" bec="0" bev="0" fileid="2" />
              </SequencePoints>
              <BranchPoints />
              <MethodPoint xsi:type="SequencePoint" vc="0" uspid="163" ordinal="0" offset="0" sl="153" sc="9" el="153" ec="10" bec="0" bev="0" fileid="2" />
            </Method>
            <Method visited="false" cyclomaticComplexity="1" nPathComplexity="0" sequenceCoverage="0" branchCoverage="0" crapScore="2" isConstructor="false" isStatic="false" isGetter="false" isSetter="false">
              <Summary numSequencePoints="5" visitedSequencePoints="0" numBranchPoints="1" visitedBranchPoints="0" sequenceCoverage="0" branchCoverage="0" maxCyclomaticComplexity="1" minCyclomaticComplexity="1" maxCrapScore="2" minCrapScore="2" visitedClasses="0" numClasses="0" visitedMethods="0" numMethods="1" />
              <MetadataToken>100663321</MetadataToken>
              <Name>System.Void DialogTests.Parsing.LexingWordLang::ValidNegation_IsNotNoSpace()</Name>
              <FileRef uid="2" />
              <SequencePoints>
                <SequencePoint vc="0" uspid="168" ordinal="0" offset="0" sl="171" sc="9" el="171" ec="10" bec="0" bev="0" fileid="2" />
                <SequencePoint vc="0" uspid="169" ordinal="1" offset="1" sl="172" sc="13" el="182" ec="3" bec="0" bev="0" fileid="2" />
                <SequencePoint vc="0" uspid="170" ordinal="2" offset="7" sl="183" sc="13" el="183" ec="52" bec="0" bev="0" fileid="2" />
                <SequencePoint vc="0" uspid="171" ordinal="3" offset="14" sl="184" sc="13" el="184" ec="68" bec="0" bev="0" fileid="2" />
                <SequencePoint vc="0" uspid="172" ordinal="4" offset="32" sl="185" sc="9" el="185" ec="10" bec="0" bev="0" fileid="2" />
              </SequencePoints>
              <BranchPoints />
              <MethodPoint xsi:type="SequencePoint" vc="0" uspid="168" ordinal="0" offset="0" sl="171" sc="9" el="171" ec="10" bec="0" bev="0" fileid="2" />
            </Method>
            <Method visited="false" cyclomaticComplexity="1" nPathComplexity="0" sequenceCoverage="0" branchCoverage="0" crapScore="2" isConstructor="false" isStatic="false" isGetter="false" isSetter="false">
              <Summary numSequencePoints="5" visitedSequencePoints="0" numBranchPoints="1" visitedBranchPoints="0" sequenceCoverage="0" branchCoverage="0" maxCyclomaticComplexity="1" minCyclomaticComplexity="1" maxCrapScore="2" minCrapScore="2" visitedClasses="0" numClasses="0" visitedMethods="0" numMethods="1" />
              <MetadataToken>100663322</MetadataToken>
              <Name>System.Void DialogTests.Parsing.LexingWordLang::ValidNegation_EqualNot()</Name>
              <FileRef uid="2" />
              <SequencePoints>
                <SequencePoint vc="0" uspid="173" ordinal="0" offset="0" sl="189" sc="9" el="189" ec="10" bec="0" bev="0" fileid="2" />
                <SequencePoint vc="0" uspid="174" ordinal="1" offset="1" sl="190" sc="13" el="200" ec="3" bec="0" bev="0" fileid="2" />
                <SequencePoint vc="0" uspid="175" ordinal="2" offset="7" sl="201" sc="13" el="201" ec="52" bec="0" bev="0" fileid="2" />
                <SequencePoint vc="0" uspid="176" ordinal="3" offset="14" sl="202" sc="13" el="202" ec="68" bec="0" bev="0" fileid="2" />
                <SequencePoint vc="0" uspid="177" ordinal="4" offset="32" sl="203" sc="9" el="203" ec="10" bec="0" bev="0" fileid="2" />
              </SequencePoints>
              <BranchPoints />
              <MethodPoint xsi:type="SequencePoint" vc="0" uspid="173" ordinal="0" offset="0" sl="189" sc="9" el="189" ec="10" bec="0" bev="0" fileid="2" />
            </Method>
            <Method visited="false" cyclomaticComplexity="1" nPathComplexity="0" sequenceCoverage="0" branchCoverage="0" crapScore="2" isConstructor="false" isStatic="false" isGetter="false" isSetter="false">
              <Summary numSequencePoints="5" visitedSequencePoints="0" numBranchPoints="1" visitedBranchPoints="0" sequenceCoverage="0" branchCoverage="0" maxCyclomaticComplexity="1" minCyclomaticComplexity="1" maxCrapScore="2" minCrapScore="2" visitedClasses="0" numClasses="0" visitedMethods="0" numMethods="1" />
              <MetadataToken>100663323</MetadataToken>
              <Name>System.Void DialogTests.Parsing.LexingWordLang::ValidNegation_EqualNotWSpace()</Name>
              <FileRef uid="2" />
              <SequencePoints>
                <SequencePoint vc="0" uspid="178" ordinal="0" offset="0" sl="207" sc="9" el="207" ec="10" bec="0" bev="0" fileid="2" />
                <SequencePoint vc="0" uspid="179" ordinal="1" offset="1" sl="208" sc="13" el="218" ec="3" bec="0" bev="0" fileid="2" />
                <SequencePoint vc="0" uspid="180" ordinal="2" offset="7" sl="219" sc="13" el="219" ec="52" bec="0" bev="0" fileid="2" />
                <SequencePoint vc="0" uspid="181" ordinal="3" offset="14" sl="220" sc="13" el="220" ec="68" bec="0" bev="0" fileid="2" />
                <SequencePoint vc="0" uspid="182" ordinal="4" offset="32" sl="221" sc="9" el="221" ec="10" bec="0" bev="0" fileid="2" />
              </SequencePoints>
              <BranchPoints />
              <MethodPoint xsi:type="SequencePoint" vc="0" uspid="178" ordinal="0" offset="0" sl="207" sc="9" el="207" ec="10" bec="0" bev="0" fileid="2" />
            </Method>
            <Method visited="false" cyclomaticComplexity="1" nPathComplexity="0" sequenceCoverage="0" branchCoverage="0" crapScore="2" isConstructor="false" isStatic="false" isGetter="false" isSetter="false">
              <Summary numSequencePoints="5" visitedSequencePoints="0" numBranchPoints="1" visitedBranchPoints="0" sequenceCoverage="0" branchCoverage="0" maxCyclomaticComplexity="1" minCyclomaticComplexity="1" maxCrapScore="2" minCrapScore="2" visitedClasses="0" numClasses="0" visitedMethods="0" numMethods="1" />
              <MetadataToken>100663324</MetadataToken>
              <Name>System.Void DialogTests.Parsing.LexingWordLang::ValidNegation_GreaterThan()</Name>
              <FileRef uid="2" />
              <SequencePoints>
                <SequencePoint vc="0" uspid="183" ordinal="0" offset="0" sl="225" sc="9" el="225" ec="10" bec="0" bev="0" fileid="2" />
                <SequencePoint vc="0" uspid="184" ordinal="1" offset="1" sl="226" sc="13" el="236" ec="3" bec="0" bev="0" fileid="2" />
                <SequencePoint vc="0" uspid="185" ordinal="2" offset="7" sl="237" sc="13" el="237" ec="52" bec="0" bev="0" fileid="2" />
                <SequencePoint vc="0" uspid="186" ordinal="3" offset="14" sl="238" sc="13" el="238" ec="68" bec="0" bev="0" fileid="2" />
                <SequencePoint vc="0" uspid="187" ordinal="4" offset="32" sl="239" sc="9" el="239" ec="10" bec="0" bev="0" fileid="2" />
              </SequencePoints>
              <BranchPoints />
              <MethodPoint xsi:type="SequencePoint" vc="0" uspid="183" ordinal="0" offset="0" sl="225" sc="9" el="225" ec="10" bec="0" bev="0" fileid="2" />
            </Method>
            <Method visited="false" cyclomaticComplexity="1" nPathComplexity="0" sequenceCoverage="0" branchCoverage="0" crapScore="2" isConstructor="false" isStatic="false" isGetter="false" isSetter="false">
              <Summary numSequencePoints="5" visitedSequencePoints="0" numBranchPoints="1" visitedBranchPoints="0" sequenceCoverage="0" branchCoverage="0" maxCyclomaticComplexity="1" minCyclomaticComplexity="1" maxCrapScore="2" minCrapScore="2" visitedClasses="0" numClasses="0" visitedMethods="0" numMethods="1" />
              <MetadataToken>100663325</MetadataToken>
              <Name>System.Void DialogTests.Parsing.LexingWordLang::ValidNegation_NotGreaterThan()</Name>
              <FileRef uid="2" />
              <SequencePoints>
                <SequencePoint vc="0" uspid="188" ordinal="0" offset="0" sl="243" sc="9" el="243" ec="10" bec="0" bev="0" fileid="2" />
                <SequencePoint vc="0" uspid="189" ordinal="1" offset="1" sl="244" sc="13" el="254" ec="3" bec="0" bev="0" fileid="2" />
                <SequencePoint vc="0" uspid="190" ordinal="2" offset="7" sl="255" sc="13" el="255" ec="52" bec="0" bev="0" fileid="2" />
                <SequencePoint vc="0" uspid="191" ordinal="3" offset="14" sl="256" sc="13" el="256" ec="68" bec="0" bev="0" fileid="2" />
                <SequencePoint vc="0" uspid="192" ordinal="4" offset="32" sl="257" sc="9" el="257" ec="10" bec="0" bev="0" fileid="2" />
              </SequencePoints>
              <BranchPoints />
              <MethodPoint xsi:type="SequencePoint" vc="0" uspid="188" ordinal="0" offset="0" sl="243" sc="9" el="243" ec="10" bec="0" bev="0" fileid="2" />
            </Method>
            <Method visited="false" cyclomaticComplexity="1" nPathComplexity="0" sequenceCoverage="0" branchCoverage="0" crapScore="2" isConstructor="false" isStatic="false" isGetter="false" isSetter="false">
              <Summary numSequencePoints="5" visitedSequencePoints="0" numBranchPoints="1" visitedBranchPoints="0" sequenceCoverage="0" branchCoverage="0" maxCyclomaticComplexity="1" minCyclomaticComplexity="1" maxCrapScore="2" minCrapScore="2" visitedClasses="0" numClasses="0" visitedMethods="0" numMethods="1" />
              <MetadataToken>100663326</MetadataToken>
              <Name>System.Void DialogTests.Parsing.LexingWordLang::ValidNegation_NotGreaterThanWord()</Name>
              <FileRef uid="2" />
              <SequencePoints>
                <SequencePoint vc="0" uspid="193" ordinal="0" offset="0" sl="260" sc="9" el="260" ec="10" bec="0" bev="0" fileid="2" />
                <SequencePoint vc="0" uspid="194" ordinal="1" offset="1" sl="261" sc="13" el="271" ec="3" bec="0" bev="0" fileid="2" />
                <SequencePoint vc="0" uspid="195" ordinal="2" offset="7" sl="272" sc="13" el="272" ec="52" bec="0" bev="0" fileid="2" />
                <SequencePoint vc="0" uspid="196" ordinal="3" offset="14" sl="273" sc="13" el="273" ec="68" bec="0" bev="0" fileid="2" />
                <SequencePoint vc="0" uspid="197" ordinal="4" offset="32" sl="274" sc="9" el="274" ec="10" bec="0" bev="0" fileid="2" />
              </SequencePoints>
              <BranchPoints />
              <MethodPoint xsi:type="SequencePoint" vc="0" uspid="193" ordinal="0" offset="0" sl="260" sc="9" el="260" ec="10" bec="0" bev="0" fileid="2" />
            </Method>
            <Method visited="false" cyclomaticComplexity="1" nPathComplexity="0" sequenceCoverage="0" branchCoverage="0" crapScore="2" isConstructor="false" isStatic="false" isGetter="false" isSetter="false">
              <Summary numSequencePoints="5" visitedSequencePoints="0" numBranchPoints="1" visitedBranchPoints="0" sequenceCoverage="0" branchCoverage="0" maxCyclomaticComplexity="1" minCyclomaticComplexity="1" maxCrapScore="2" minCrapScore="2" visitedClasses="0" numClasses="0" visitedMethods="0" numMethods="1" />
              <MetadataToken>100663327</MetadataToken>
              <Name>System.Void DialogTests.Parsing.LexingWordLang::ValidNegation_NotGreaterThanWordNoSpace()</Name>
              <FileRef uid="2" />
              <SequencePoints>
                <SequencePoint vc="0" uspid="198" ordinal="0" offset="0" sl="278" sc="9" el="278" ec="10" bec="0" bev="0" fileid="2" />
                <SequencePoint vc="0" uspid="199" ordinal="1" offset="1" sl="279" sc="13" el="289" ec="3" bec="0" bev="0" fileid="2" />
                <SequencePoint vc="0" uspid="200" ordinal="2" offset="7" sl="290" sc="13" el="290" ec="52" bec="0" bev="0" fileid="2" />
                <SequencePoint vc="0" uspid="201" ordinal="3" offset="14" sl="291" sc="13" el="291" ec="68" bec="0" bev="0" fileid="2" />
                <SequencePoint vc="0" uspid="202" ordinal="4" offset="32" sl="292" sc="9" el="292" ec="10" bec="0" bev="0" fileid="2" />
              </SequencePoints>
              <BranchPoints />
              <MethodPoint xsi:type="SequencePoint" vc="0" uspid="198" ordinal="0" offset="0" sl="278" sc="9" el="278" ec="10" bec="0" bev="0" fileid="2" />
            </Method>
            <Method visited="false" cyclomaticComplexity="1" nPathComplexity="0" sequenceCoverage="0" branchCoverage="0" crapScore="2" isConstructor="false" isStatic="false" isGetter="false" isSetter="false">
              <Summary numSequencePoints="5" visitedSequencePoints="0" numBranchPoints="1" visitedBranchPoints="0" sequenceCoverage="0" branchCoverage="0" maxCyclomaticComplexity="1" minCyclomaticComplexity="1" maxCrapScore="2" minCrapScore="2" visitedClasses="0" numClasses="0" visitedMethods="0" numMethods="1" />
              <MetadataToken>100663328</MetadataToken>
              <Name>System.Void DialogTests.Parsing.LexingWordLang::ValidNegation_NotGreaterThanWordNoSpaceFlipped()</Name>
              <FileRef uid="2" />
              <SequencePoints>
                <SequencePoint vc="0" uspid="203" ordinal="0" offset="0" sl="295" sc="9" el="295" ec="10" bec="0" bev="0" fileid="2" />
                <SequencePoint vc="0" uspid="204" ordinal="1" offset="1" sl="296" sc="13" el="306" ec="3" bec="0" bev="0" fileid="2" />
                <SequencePoint vc="0" uspid="205" ordinal="2" offset="7" sl="307" sc="13" el="307" ec="52" bec="0" bev="0" fileid="2" />
                <SequencePoint vc="0" uspid="206" ordinal="3" offset="14" sl="308" sc="13" el="308" ec="68" bec="0" bev="0" fileid="2" />
                <SequencePoint vc="0" uspid="207" ordinal="4" offset="32" sl="309" sc="9" el="309" ec="10" bec="0" bev="0" fileid="2" />
              </SequencePoints>
              <BranchPoints />
              <MethodPoint xsi:type="SequencePoint" vc="0" uspid="203" ordinal="0" offset="0" sl="295" sc="9" el="295" ec="10" bec="0" bev="0" fileid="2" />
            </Method>
            <Method visited="false" cyclomaticComplexity="1" nPathComplexity="0" sequenceCoverage="0" branchCoverage="0" crapScore="2" isConstructor="false" isStatic="false" isGetter="false" isSetter="false">
              <Summary numSequencePoints="6" visitedSequencePoints="0" numBranchPoints="1" visitedBranchPoints="0" sequenceCoverage="0" branchCoverage="0" maxCyclomaticComplexity="1" minCyclomaticComplexity="1" maxCrapScore="2" minCrapScore="2" visitedClasses="0" numClasses="0" visitedMethods="0" numMethods="1" />
              <MetadataToken>100663329</MetadataToken>
              <Name>System.Void DialogTests.Parsing.LexingWordLang::ConditionGreatherThan0()</Name>
              <FileRef uid="2" />
              <SequencePoints>
                <SequencePoint vc="0" uspid="208" ordinal="0" offset="0" sl="313" sc="9" el="313" ec="10" bec="0" bev="0" fileid="2" />
                <SequencePoint vc="0" uspid="209" ordinal="1" offset="1" sl="314" sc="13" el="324" ec="3" bec="0" bev="0" fileid="2" />
                <SequencePoint vc="0" uspid="210" ordinal="2" offset="7" sl="325" sc="13" el="325" ec="52" bec="0" bev="0" fileid="2" />
                <SequencePoint vc="0" uspid="211" ordinal="3" offset="14" sl="326" sc="13" el="326" ec="68" bec="0" bev="0" fileid="2" />
                <SequencePoint vc="0" uspid="212" ordinal="4" offset="32" sl="327" sc="13" el="327" ec="67" bec="0" bev="0" fileid="2" />
                <SequencePoint vc="0" uspid="213" ordinal="5" offset="50" sl="328" sc="9" el="328" ec="10" bec="0" bev="0" fileid="2" />
              </SequencePoints>
              <BranchPoints />
              <MethodPoint xsi:type="SequencePoint" vc="0" uspid="208" ordinal="0" offset="0" sl="313" sc="9" el="313" ec="10" bec="0" bev="0" fileid="2" />
            </Method>
            <Method visited="false" cyclomaticComplexity="1" nPathComplexity="0" sequenceCoverage="0" branchCoverage="0" crapScore="2" isConstructor="false" isStatic="false" isGetter="false" isSetter="false">
              <Summary numSequencePoints="6" visitedSequencePoints="0" numBranchPoints="1" visitedBranchPoints="0" sequenceCoverage="0" branchCoverage="0" maxCyclomaticComplexity="1" minCyclomaticComplexity="1" maxCrapScore="2" minCrapScore="2" visitedClasses="0" numClasses="0" visitedMethods="0" numMethods="1" />
              <MetadataToken>100663330</MetadataToken>
              <Name>System.Void DialogTests.Parsing.LexingWordLang::DialogCanHaveBoldMarkup()</Name>
              <FileRef uid="2" />
              <SequencePoints>
                <SequencePoint vc="0" uspid="214" ordinal="0" offset="0" sl="332" sc="9" el="332" ec="10" bec="0" bev="0" fileid="2" />
                <SequencePoint vc="0" uspid="215" ordinal="1" offset="1" sl="333" sc="13" el="343" ec="3" bec="0" bev="0" fileid="2" />
                <SequencePoint vc="0" uspid="216" ordinal="2" offset="7" sl="344" sc="13" el="344" ec="52" bec="0" bev="0" fileid="2" />
                <SequencePoint vc="0" uspid="217" ordinal="3" offset="14" sl="345" sc="13" el="345" ec="67" bec="0" bev="0" fileid="2" />
                <SequencePoint vc="0" uspid="218" ordinal="4" offset="32" sl="346" sc="13" el="346" ec="68" bec="0" bev="0" fileid="2" />
                <SequencePoint vc="0" uspid="219" ordinal="5" offset="50" sl="347" sc="9" el="347" ec="10" bec="0" bev="0" fileid="2" />
              </SequencePoints>
              <BranchPoints />
              <MethodPoint xsi:type="SequencePoint" vc="0" uspid="214" ordinal="0" offset="0" sl="332" sc="9" el="332" ec="10" bec="0" bev="0" fileid="2" />
            </Method>
            <Method visited="false" cyclomaticComplexity="1" nPathComplexity="0" sequenceCoverage="0" branchCoverage="0" crapScore="2" isConstructor="false" isStatic="false" isGetter="false" isSetter="false">
              <Summary numSequencePoints="6" visitedSequencePoints="0" numBranchPoints="1" visitedBranchPoints="0" sequenceCoverage="0" branchCoverage="0" maxCyclomaticComplexity="1" minCyclomaticComplexity="1" maxCrapScore="2" minCrapScore="2" visitedClasses="0" numClasses="0" visitedMethods="0" numMethods="1" />
              <MetadataToken>100663331</MetadataToken>
              <Name>System.Void DialogTests.Parsing.LexingWordLang::DialogCanHaveColorMarkup()</Name>
              <FileRef uid="2" />
              <SequencePoints>
                <SequencePoint vc="0" uspid="220" ordinal="0" offset="0" sl="352" sc="9" el="352" ec="10" bec="0" bev="0" fileid="2" />
                <SequencePoint vc="0" uspid="221" ordinal="1" offset="1" sl="353" sc="13" el="363" ec="3" bec="0" bev="0" fileid="2" />
                <SequencePoint vc="0" uspid="222" ordinal="2" offset="7" sl="364" sc="13" el="364" ec="52" bec="0" bev="0" fileid="2" />
                <SequencePoint vc="0" uspid="223" ordinal="3" offset="14" sl="365" sc="13" el="365" ec="67" bec="0" bev="0" fileid="2" />
                <SequencePoint vc="0" uspid="224" ordinal="4" offset="32" sl="366" sc="13" el="366" ec="68" bec="0" bev="0" fileid="2" />
                <SequencePoint vc="0" uspid="225" ordinal="5" offset="50" sl="367" sc="9" el="367" ec="10" bec="0" bev="0" fileid="2" />
              </SequencePoints>
              <BranchPoints />
              <MethodPoint xsi:type="SequencePoint" vc="0" uspid="220" ordinal="0" offset="0" sl="352" sc="9" el="352" ec="10" bec="0" bev="0" fileid="2" />
            </Method>
            <Method visited="false" cyclomaticComplexity="1" nPathComplexity="0" sequenceCoverage="0" branchCoverage="0" crapScore="2" isConstructor="false" isStatic="false" isGetter="false" isSetter="false">
              <Summary numSequencePoints="6" visitedSequencePoints="0" numBranchPoints="1" visitedBranchPoints="0" sequenceCoverage="0" branchCoverage="0" maxCyclomaticComplexity="1" minCyclomaticComplexity="1" maxCrapScore="2" minCrapScore="2" visitedClasses="0" numClasses="0" visitedMethods="0" numMethods="1" />
              <MetadataToken>100663332</MetadataToken>
              <Name>System.Void DialogTests.Parsing.LexingWordLang::DialogCanHaveColorHexCode()</Name>
              <FileRef uid="2" />
              <SequencePoints>
                <SequencePoint vc="0" uspid="226" ordinal="0" offset="0" sl="371" sc="9" el="371" ec="10" bec="0" bev="0" fileid="2" />
                <SequencePoint vc="0" uspid="227" ordinal="1" offset="1" sl="372" sc="13" el="382" ec="3" bec="0" bev="0" fileid="2" />
                <SequencePoint vc="0" uspid="228" ordinal="2" offset="7" sl="383" sc="13" el="383" ec="52" bec="0" bev="0" fileid="2" />
                <SequencePoint vc="0" uspid="229" ordinal="3" offset="14" sl="384" sc="13" el="384" ec="67" bec="0" bev="0" fileid="2" />
                <SequencePoint vc="0" uspid="230" ordinal="4" offset="32" sl="385" sc="13" el="385" ec="68" bec="0" bev="0" fileid="2" />
                <SequencePoint vc="0" uspid="231" ordinal="5" offset="50" sl="386" sc="9" el="386" ec="10" bec="0" bev="0" fileid="2" />
              </SequencePoints>
              <BranchPoints />
              <MethodPoint xsi:type="SequencePoint" vc="0" uspid="226" ordinal="0" offset="0" sl="371" sc="9" el="371" ec="10" bec="0" bev="0" fileid="2" />
            </Method>
            <Method visited="false" cyclomaticComplexity="1" nPathComplexity="0" sequenceCoverage="0" branchCoverage="0" crapScore="2" isConstructor="false" isStatic="false" isGetter="false" isSetter="false">
              <Summary numSequencePoints="6" visitedSequencePoints="0" numBranchPoints="1" visitedBranchPoints="0" sequenceCoverage="0" branchCoverage="0" maxCyclomaticComplexity="1" minCyclomaticComplexity="1" maxCrapScore="2" minCrapScore="2" visitedClasses="0" numClasses="0" visitedMethods="0" numMethods="1" />
              <MetadataToken>100663333</MetadataToken>
              <Name>System.Void DialogTests.Parsing.LexingWordLang::ValidLiteralBool()</Name>
              <FileRef uid="2" />
              <SequencePoints>
                <SequencePoint vc="0" uspid="232" ordinal="0" offset="0" sl="392" sc="9" el="392" ec="10" bec="0" bev="0" fileid="2" />
                <SequencePoint vc="0" uspid="233" ordinal="1" offset="1" sl="393" sc="13" el="403" ec="3" bec="0" bev="0" fileid="2" />
                <SequencePoint vc="0" uspid="234" ordinal="2" offset="7" sl="404" sc="13" el="404" ec="52" bec="0" bev="0" fileid="2" />
                <SequencePoint vc="0" uspid="235" ordinal="3" offset="14" sl="405" sc="13" el="405" ec="62" bec="0" bev="0" fileid="2" />
                <SequencePoint vc="0" uspid="236" ordinal="4" offset="40" sl="406" sc="13" el="406" ec="68" bec="0" bev="0" fileid="2" />
                <SequencePoint vc="0" uspid="237" ordinal="5" offset="58" sl="407" sc="9" el="407" ec="10" bec="0" bev="0" fileid="2" />
              </SequencePoints>
              <BranchPoints />
              <MethodPoint xsi:type="SequencePoint" vc="0" uspid="232" ordinal="0" offset="0" sl="392" sc="9" el="392" ec="10" bec="0" bev="0" fileid="2" />
            </Method>
            <Method visited="false" cyclomaticComplexity="1" nPathComplexity="0" sequenceCoverage="0" branchCoverage="0" crapScore="2" isConstructor="false" isStatic="false" isGetter="false" isSetter="false">
              <Summary numSequencePoints="8" visitedSequencePoints="0" numBranchPoints="1" visitedBranchPoints="0" sequenceCoverage="0" branchCoverage="0" maxCyclomaticComplexity="1" minCyclomaticComplexity="1" maxCrapScore="2" minCrapScore="2" visitedClasses="0" numClasses="0" visitedMethods="0" numMethods="1" />
              <MetadataToken>100663334</MetadataToken>
              <Name>System.Void DialogTests.Parsing.LexingWordLang::ValidLiteralString()</Name>
              <FileRef uid="2" />
              <SequencePoints>
                <SequencePoint vc="0" uspid="238" ordinal="0" offset="0" sl="411" sc="9" el="411" ec="10" bec="0" bev="0" fileid="2" />
                <SequencePoint vc="0" uspid="239" ordinal="1" offset="1" sl="412" sc="13" el="422" ec="3" bec="0" bev="0" fileid="2" />
                <SequencePoint vc="0" uspid="240" ordinal="2" offset="7" sl="423" sc="13" el="423" ec="52" bec="0" bev="0" fileid="2" />
                <SequencePoint vc="0" uspid="241" ordinal="3" offset="14" sl="424" sc="13" el="424" ec="63" bec="0" bev="0" fileid="2" />
                <SequencePoint vc="0" uspid="242" ordinal="4" offset="40" sl="425" sc="13" el="425" ec="63" bec="0" bev="0" fileid="2" />
                <SequencePoint vc="0" uspid="243" ordinal="5" offset="66" sl="426" sc="13" el="426" ec="62" bec="0" bev="0" fileid="2" />
                <SequencePoint vc="0" uspid="244" ordinal="6" offset="92" sl="427" sc="13" el="427" ec="68" bec="0" bev="0" fileid="2" />
                <SequencePoint vc="0" uspid="245" ordinal="7" offset="110" sl="428" sc="9" el="428" ec="10" bec="0" bev="0" fileid="2" />
              </SequencePoints>
              <BranchPoints />
              <MethodPoint xsi:type="SequencePoint" vc="0" uspid="238" ordinal="0" offset="0" sl="411" sc="9" el="411" ec="10" bec="0" bev="0" fileid="2" />
            </Method>
            <Method visited="false" cyclomaticComplexity="1" nPathComplexity="0" sequenceCoverage="0" branchCoverage="0" crapScore="2" isConstructor="false" isStatic="false" isGetter="false" isSetter="false">
              <Summary numSequencePoints="8" visitedSequencePoints="0" numBranchPoints="1" visitedBranchPoints="0" sequenceCoverage="0" branchCoverage="0" maxCyclomaticComplexity="1" minCyclomaticComplexity="1" maxCrapScore="2" minCrapScore="2" visitedClasses="0" numClasses="0" visitedMethods="0" numMethods="1" />
              <MetadataToken>100663335</MetadataToken>
              <Name>System.Void DialogTests.Parsing.LexingWordLang::ValidLiteralStringWithSpace()</Name>
              <FileRef uid="2" />
              <SequencePoints>
                <SequencePoint vc="0" uspid="246" ordinal="0" offset="0" sl="432" sc="9" el="432" ec="10" bec="0" bev="0" fileid="2" />
                <SequencePoint vc="0" uspid="247" ordinal="1" offset="1" sl="433" sc="13" el="443" ec="3" bec="0" bev="0" fileid="2" />
                <SequencePoint vc="0" uspid="248" ordinal="2" offset="7" sl="444" sc="13" el="444" ec="52" bec="0" bev="0" fileid="2" />
                <SequencePoint vc="0" uspid="249" ordinal="3" offset="14" sl="445" sc="13" el="445" ec="63" bec="0" bev="0" fileid="2" />
                <SequencePoint vc="0" uspid="250" ordinal="4" offset="40" sl="446" sc="13" el="446" ec="63" bec="0" bev="0" fileid="2" />
                <SequencePoint vc="0" uspid="251" ordinal="5" offset="66" sl="447" sc="13" el="447" ec="68" bec="0" bev="0" fileid="2" />
                <SequencePoint vc="0" uspid="252" ordinal="6" offset="91" sl="448" sc="13" el="448" ec="68" bec="0" bev="0" fileid="2" />
                <SequencePoint vc="0" uspid="253" ordinal="7" offset="109" sl="449" sc="9" el="449" ec="10" bec="0" bev="0" fileid="2" />
              </SequencePoints>
              <BranchPoints />
              <MethodPoint xsi:type="SequencePoint" vc="0" uspid="246" ordinal="0" offset="0" sl="432" sc="9" el="432" ec="10" bec="0" bev="0" fileid="2" />
            </Method>
            <Method visited="false" cyclomaticComplexity="1" nPathComplexity="0" sequenceCoverage="0" branchCoverage="0" crapScore="2" isConstructor="false" isStatic="false" isGetter="false" isSetter="false">
              <Summary numSequencePoints="12" visitedSequencePoints="0" numBranchPoints="1" visitedBranchPoints="0" sequenceCoverage="0" branchCoverage="0" maxCyclomaticComplexity="1" minCyclomaticComplexity="1" maxCrapScore="2" minCrapScore="2" visitedClasses="0" numClasses="0" visitedMethods="0" numMethods="1" />
              <MetadataToken>100663336</MetadataToken>
              <Name>System.Void DialogTests.Parsing.LexingWordLang::ValidLiteralStringWithSpaces()</Name>
              <FileRef uid="2" />
              <SequencePoints>
                <SequencePoint vc="0" uspid="254" ordinal="0" offset="0" sl="453" sc="9" el="453" ec="10" bec="0" bev="0" fileid="2" />
                <SequencePoint vc="0" uspid="255" ordinal="1" offset="1" sl="454" sc="13" el="464" ec="3" bec="0" bev="0" fileid="2" />
                <SequencePoint vc="0" uspid="256" ordinal="2" offset="7" sl="465" sc="13" el="465" ec="52" bec="0" bev="0" fileid="2" />
                <SequencePoint vc="0" uspid="257" ordinal="3" offset="14" sl="466" sc="13" el="466" ec="63" bec="0" bev="0" fileid="2" />
                <SequencePoint vc="0" uspid="258" ordinal="4" offset="40" sl="467" sc="13" el="467" ec="62" bec="0" bev="0" fileid="2" />
                <SequencePoint vc="0" uspid="259" ordinal="5" offset="66" sl="468" sc="13" el="468" ec="68" bec="0" bev="0" fileid="2" />
                <SequencePoint vc="0" uspid="260" ordinal="6" offset="91" sl="469" sc="13" el="469" ec="62" bec="0" bev="0" fileid="2" />
                <SequencePoint vc="0" uspid="261" ordinal="7" offset="117" sl="470" sc="13" el="470" ec="68" bec="0" bev="0" fileid="2" />
                <SequencePoint vc="0" uspid="262" ordinal="8" offset="142" sl="471" sc="13" el="471" ec="62" bec="0" bev="0" fileid="2" />
                <SequencePoint vc="0" uspid="263" ordinal="9" offset="168" sl="472" sc="13" el="472" ec="63" bec="0" bev="0" fileid="2" />
                <SequencePoint vc="0" uspid="264" ordinal="10" offset="194" sl="473" sc="13" el="473" ec="68" bec="0" bev="0" fileid="2" />
                <SequencePoint vc="0" uspid="265" ordinal="11" offset="212" sl="474" sc="9" el="474" ec="10" bec="0" bev="0" fileid="2" />
              </SequencePoints>
              <BranchPoints />
              <MethodPoint xsi:type="SequencePoint" vc="0" uspid="254" ordinal="0" offset="0" sl="453" sc="9" el="453" ec="10" bec="0" bev="0" fileid="2" />
            </Method>
            <Method visited="false" cyclomaticComplexity="1" nPathComplexity="0" sequenceCoverage="0" branchCoverage="0" crapScore="2" isConstructor="false" isStatic="false" isGetter="false" isSetter="false">
              <Summary numSequencePoints="7" visitedSequencePoints="0" numBranchPoints="1" visitedBranchPoints="0" sequenceCoverage="0" branchCoverage="0" maxCyclomaticComplexity="1" minCyclomaticComplexity="1" maxCrapScore="2" minCrapScore="2" visitedClasses="0" numClasses="0" visitedMethods="0" numMethods="1" />
              <MetadataToken>100663337</MetadataToken>
              <Name>System.Void DialogTests.Parsing.LexingWordLang::ValidLiteralStringEmpty()</Name>
              <FileRef uid="2" />
              <SequencePoints>
                <SequencePoint vc="0" uspid="266" ordinal="0" offset="0" sl="478" sc="9" el="478" ec="10" bec="0" bev="0" fileid="2" />
                <SequencePoint vc="0" uspid="267" ordinal="1" offset="1" sl="479" sc="13" el="489" ec="3" bec="0" bev="0" fileid="2" />
                <SequencePoint vc="0" uspid="268" ordinal="2" offset="7" sl="490" sc="13" el="490" ec="52" bec="0" bev="0" fileid="2" />
                <SequencePoint vc="0" uspid="269" ordinal="3" offset="14" sl="491" sc="13" el="491" ec="63" bec="0" bev="0" fileid="2" />
                <SequencePoint vc="0" uspid="270" ordinal="4" offset="40" sl="492" sc="13" el="492" ec="63" bec="0" bev="0" fileid="2" />
[...]
              <MetadataToken>100663455</MetadataToken>
              <Name>System.Void Dialog.Client.NewRulesEventArgs::.ctor(System.Collections.Generic.ICollection`1&lt;Dialog.DialogRule&gt;)</Name>
              <FileRef uid="66" />
              <SequencePoints>
                <SequencePoint vc="0" uspid="1770" ordinal="0" offset="0" sl="64" sc="9" el="64" ec="64" bec="0" bev="0" fileid="66" />
                <SequencePoint vc="0" uspid="1771" ordinal="1" offset="7" sl="65" sc="9" el="65" ec="10" bec="0" bev="0" fileid="66" />
                <SequencePoint vc="0" uspid="1772" ordinal="2" offset="8" sl="66" sc="13" el="66" ec="37" bec="0" bev="0" fileid="66" />
                <SequencePoint vc="0" uspid="1773" ordinal="3" offset="21" sl="67" sc="9" el="67" ec="10" bec="0" bev="0" fileid="66" />
              </SequencePoints>
              <BranchPoints />
              <MethodPoint xsi:type="SequencePoint" vc="0" uspid="1770" ordinal="0" offset="0" sl="64" sc="9" el="64" ec="64" bec="0" bev="0" fileid="66" />
            </Method>
          </Methods>
        </Class>
        <Class>
          <Summary numSequencePoints="7" visitedSequencePoints="0" numBranchPoints="2" visitedBranchPoints="0" sequenceCoverage="0" branchCoverage="0" maxCyclomaticComplexity="1" minCyclomaticComplexity="1" maxCrapScore="2" minCrapScore="2" visitedClasses="0" numClasses="1" visitedMethods="0" numMethods="2" />
          <FullName>Dialog.Client.SampleUsage</FullName>
          <Methods>
            <Method visited="false" cyclomaticComplexity="1" nPathComplexity="0" sequenceCoverage="0" branchCoverage="0" crapScore="2" isConstructor="false" isStatic="false" isGetter="false" isSetter="false">
              <Summary numSequencePoints="5" visitedSequencePoints="0" numBranchPoints="1" visitedBranchPoints="0" sequenceCoverage="0" branchCoverage="0" maxCyclomaticComplexity="1" minCyclomaticComplexity="1" maxCrapScore="2" minCrapScore="2" visitedClasses="0" numClasses="0" visitedMethods="0" numMethods="1" />
              <MetadataToken>100663456</MetadataToken>
              <Name>System.Void Dialog.Client.SampleUsage::Test()</Name>
              <FileRef uid="68" />
              <SequencePoints>
                <SequencePoint vc="0" uspid="1774" ordinal="0" offset="0" sl="12" sc="9" el="12" ec="10" bec="0" bev="0" fileid="68" />
                <SequencePoint vc="0" uspid="1775" ordinal="1" offset="1" sl="14" sc="13" el="14" ec="45" bec="0" bev="0" fileid="68" />
                <SequencePoint vc="0" uspid="1776" ordinal="2" offset="3" sl="16" sc="13" el="16" ec="38" bec="0" bev="0" fileid="68" />
                <SequencePoint vc="0" uspid="1777" ordinal="3" offset="25" sl="18" sc="13" el="18" ec="54" bec="0" bev="0" fileid="68" />
                <SequencePoint vc="0" uspid="1778" ordinal="4" offset="44" sl="21" sc="9" el="21" ec="10" bec="0" bev="0" fileid="68" />
              </SequencePoints>
              <BranchPoints />
              <MethodPoint xsi:type="SequencePoint" vc="0" uspid="1774" ordinal="0" offset="0" sl="12" sc="9" el="12" ec="10" bec="0" bev="0" fileid="68" />
            </Method>
            <Method visited="false" cyclomaticComplexity="1" nPathComplexity="0" sequenceCoverage="0" branchCoverage="0" crapScore="2" isConstructor="false" isStatic="false" isGetter="false" isSetter="false">
              <Summary numSequencePoints="2" visitedSequencePoints="0" numBranchPoints="1" visitedBranchPoints="0" sequenceCoverage="0" branchCoverage="0" maxCyclomaticComplexity="1" minCyclomaticComplexity="1" maxCrapScore="2" minCrapScore="2" visitedClasses="0" numClasses="0" visitedMethods="0" numMethods="1" />
              <MetadataToken>100663457</MetadataToken>
              <Name>System.Void Dialog.Client.SampleUsage::Client_OnNewRules(System.Object,Dialog.Client.NewRulesEventArgs)</Name>
              <FileRef uid="68" />
              <SequencePoints>
                <SequencePoint vc="0" uspid="1779" ordinal="0" offset="0" sl="24" sc="9" el="24" ec="10" bec="0" bev="0" fileid="68" />
                <SequencePoint vc="0" uspid="1780" ordinal="1" offset="1" sl="28" sc="9" el="28" ec="10" bec="0" bev="0" fileid="68" />
              </SequencePoints>
              <BranchPoints />
              <MethodPoint xsi:type="SequencePoint" vc="0" uspid="1779" ordinal="0" offset="0" sl="24" sc="9" el="24" ec="10" bec="0" bev="0" fileid="68" />
            </Method>
            <Method visited="false" cyclomaticComplexity="1" nPathComplexity="0" sequenceCoverage="0" branchCoverage="0" crapScore="2" isConstructor="true" isStatic="false" isGetter="false" isSetter="false">
              <Summary numSequencePoints="0" visitedSequencePoints="0" numBranchPoints="0" visitedBranchPoints="0" sequenceCoverage="0" branchCoverage="0" maxCyclomaticComplexity="1" minCyclomaticComplexity="1" maxCrapScore="2" minCrapScore="2" visitedClasses="0" numClasses="0" visitedMethods="0" numMethods="0" />
              <MetadataToken>100663458</MetadataToken>
              <Name>System.Void Dialog.Client.SampleUsage::.ctor()</Name>
              <SequencePoints />
              <BranchPoints />
              <MethodPoint vc="0" uspid="1781" ordinal="0" offset="0" />
            </Method>
          </Methods>
        </Class>
        <Class>
          <Summary numSequencePoints="3" visitedSequencePoints="0" numBranchPoints="1" visitedBranchPoints="0" sequenceCoverage="0" branchCoverage="0" maxCyclomaticComplexity="1" minCyclomaticComplexity="1" maxCrapScore="2" minCrapScore="2" visitedClasses="0" numClasses="1" visitedMethods="0" numMethods="1" />
          <FullName>Dialog.Client.Messages.ClearRulesMessage</FullName>
          <Methods>
            <Method visited="false" cyclomaticComplexity="1" nPathComplexity="0" sequenceCoverage="0" branchCoverage="0" crapScore="2" isConstructor="true" isStatic="false" isGetter="false" isSetter="false">
              <Summary numSequencePoints="3" visitedSequencePoints="0" numBranchPoints="1" visitedBranchPoints="0" sequenceCoverage="0" branchCoverage="0" maxCyclomaticComplexity="1" minCyclomaticComplexity="1" maxCrapScore="2" minCrapScore="2" visitedClasses="0" numClasses="0" visitedMethods="0" numMethods="1" />
              <MetadataToken>100663459</MetadataToken>
              <Name>System.Void Dialog.Client.Messages.ClearRulesMessage::.ctor()</Name>
              <FileRef uid="69" />
              <SequencePoints>
                <SequencePoint vc="0" uspid="1782" ordinal="0" offset="0" sl="12" sc="38" el="12" ec="48" bec="0" bev="0" fileid="69" />
                <SequencePoint vc="0" uspid="1783" ordinal="1" offset="12" sl="12" sc="49" el="12" ec="50" bec="0" bev="0" fileid="69" />
                <SequencePoint vc="0" uspid="1784" ordinal="2" offset="13" sl="12" sc="51" el="12" ec="52" bec="0" bev="0" fileid="69" />
              </SequencePoints>
              <BranchPoints />
              <MethodPoint xsi:type="SequencePoint" vc="0" uspid="1782" ordinal="0" offset="0" sl="12" sc="38" el="12" ec="48" bec="0" bev="0" fileid="69" />
            </Method>
          </Methods>
        </Class>
        <Class>
          <Summary numSequencePoints="3" visitedSequencePoints="0" numBranchPoints="1" visitedBranchPoints="0" sequenceCoverage="0" branchCoverage="0" maxCyclomaticComplexity="1" minCyclomaticComplexity="1" maxCrapScore="2" minCrapScore="2" visitedClasses="0" numClasses="1" visitedMethods="0" numMethods="1" />
          <FullName>Dialog.Client.Messages.ClearVariablesMessage</FullName>
          <Methods>
            <Method visited="false" cyclomaticComplexity="1" nPathComplexity="0" sequenceCoverage="0" branchCoverage="0" crapScore="2" isConstructor="true" isStatic="false" isGetter="false" isSetter="false">
              <Summary numSequencePoints="3" visitedSequencePoints="0" numBranchPoints="1" visitedBranchPoints="0" sequenceCoverage="0" branchCoverage="0" maxCyclomaticComplexity="1" minCyclomaticComplexity="1" maxCrapScore="2" minCrapScore="2" visitedClasses="0" numClasses="0" visitedMethods="0" numMethods="1" />
              <MetadataToken>100663460</MetadataToken>
              <Name>System.Void Dialog.Client.Messages.ClearVariablesMessage::.ctor()</Name>
              <FileRef uid="70" />
              <SequencePoints>
                <SequencePoint vc="0" uspid="1785" ordinal="0" offset="0" sl="14" sc="42" el="14" ec="52" bec="0" bev="0" fileid="70" />
                <SequencePoint vc="0" uspid="1786" ordinal="1" offset="12" sl="14" sc="53" el="14" ec="54" bec="0" bev="0" fileid="70" />
                <SequencePoint vc="0" uspid="1787" ordinal="2" offset="13" sl="14" sc="55" el="14" ec="56" bec="0" bev="0" fileid="70" />
              </SequencePoints>
              <BranchPoints />
              <MethodPoint xsi:type="SequencePoint" vc="0" uspid="1785" ordinal="0" offset="0" sl="14" sc="42" el="14" ec="52" bec="0" bev="0" fileid="70" />
            </Method>
          </Methods>
        </Class>
        <Class>
          <Summary numSequencePoints="4" visitedSequencePoints="0" numBranchPoints="1" visitedBranchPoints="0" sequenceCoverage="0" branchCoverage="0" maxCyclomaticComplexity="1" minCyclomaticComplexity="1" maxCrapScore="2" minCrapScore="2" visitedClasses="0" numClasses="1" visitedMethods="0" numMethods="1" />
          <FullName>Dialog.Client.Messages.DialogRuleClientMessage</FullName>
          <Methods>
            <Method skippedDueTo="AutoImplementedProperty" visited="false" cyclomaticComplexity="1" nPathComplexity="0" sequenceCoverage="0" branchCoverage="0" crapScore="0" isConstructor="false" isStatic="false" isGetter="true" isSetter="false">
              <MetadataToken>100663461</MetadataToken>
              <Name>System.String Dialog.Client.Messages.DialogRuleClientMessage::get_Type()</Name>
              <FileRef uid="71" />
              <SequencePoints />
              <BranchPoints />
            </Method>
            <Method skippedDueTo="AutoImplementedProperty" visited="false" cyclomaticComplexity="1" nPathComplexity="0" sequenceCoverage="0" branchCoverage="0" crapScore="0" isConstructor="false" isStatic="false" isGetter="false" isSetter="true">
              <MetadataToken>100663462</MetadataToken>
              <Name>System.Void Dialog.Client.Messages.DialogRuleClientMessage::set_Type(System.String)</Name>
              <FileRef uid="71" />
              <SequencePoints />
              <BranchPoints />
            </Method>
            <Method visited="false" cyclomaticComplexity="1" nPathComplexity="0" sequenceCoverage="0" branchCoverage="0" crapScore="2" isConstructor="true" isStatic="false" isGetter="false" isSetter="false">
              <Summary numSequencePoints="4" visitedSequencePoints="0" numBranchPoints="1" visitedBranchPoints="0" sequenceCoverage="0" branchCoverage="0" maxCyclomaticComplexity="1" minCyclomaticComplexity="1" maxCrapScore="2" minCrapScore="2" visitedClasses="0" numClasses="0" visitedMethods="0" numMethods="1" />
              <MetadataToken>100663463</MetadataToken>
              <Name>System.Void Dialog.Client.Messages.DialogRuleClientMessage::.ctor(System.String)</Name>
              <FileRef uid="71" />
              <SequencePoints>
                <SequencePoint vc="0" uspid="1788" ordinal="0" offset="0" sl="15" sc="9" el="15" ec="52" bec="0" bev="0" fileid="71" />
                <SequencePoint vc="0" uspid="1789" ordinal="1" offset="7" sl="16" sc="9" el="16" ec="10" bec="0" bev="0" fileid="71" />
                <SequencePoint vc="0" uspid="1790" ordinal="2" offset="8" sl="17" sc="13" el="17" ec="25" bec="0" bev="0" fileid="71" />
                <SequencePoint vc="0" uspid="1791" ordinal="3" offset="16" sl="18" sc="9" el="18" ec="10" bec="0" bev="0" fileid="71" />
              </SequencePoints>
              <BranchPoints />
              <MethodPoint xsi:type="SequencePoint" vc="0" uspid="1788" ordinal="0" offset="0" sl="15" sc="9" el="15" ec="52" bec="0" bev="0" fileid="71" />
            </Method>
          </Methods>
        </Class>
        <Class>
          <Summary numSequencePoints="3" visitedSequencePoints="0" numBranchPoints="1" visitedBranchPoints="0" sequenceCoverage="0" branchCoverage="0" maxCyclomaticComplexity="1" minCyclomaticComplexity="1" maxCrapScore="2" minCrapScore="2" visitedClasses="0" numClasses="1" visitedMethods="0" numMethods="1" />
          <FullName>Dialog.Client.Messages.PostRuleMessage</FullName>
          <Methods>
            <Method visited="false" cyclomaticComplexity="1" nPathComplexity="0" sequenceCoverage="0" branchCoverage="0" crapScore="2" isConstructor="true" isStatic="false" isGetter="false" isSetter="false">
              <Summary numSequencePoints="3" visitedSequencePoints="0" numBranchPoints="1" visitedBranchPoints="0" sequenceCoverage="0" branchCoverage="0" maxCyclomaticComplexity="1" minCyclomaticComplexity="1" maxCrapScore="2" minCrapScore="2" visitedClasses="0" numClasses="0" visitedMethods="0" numMethods="1" />
              <MetadataToken>100663464</MetadataToken>
              <Name>System.Void Dialog.Client.Messages.PostRuleMessage::.ctor()</Name>
              <FileRef uid="72" />
              <SequencePoints>
                <SequencePoint vc="0" uspid="1792" ordinal="0" offset="0" sl="17" sc="36" el="17" ec="46" bec="0" bev="0" fileid="72" />
                <SequencePoint vc="0" uspid="1793" ordinal="1" offset="12" sl="17" sc="47" el="17" ec="48" bec="0" bev="0" fileid="72" />
                <SequencePoint vc="0" uspid="1794" ordinal="2" offset="13" sl="17" sc="49" el="17" ec="50" bec="0" bev="0" fileid="72" />
              </SequencePoints>
              <BranchPoints />
              <MethodPoint xsi:type="SequencePoint" vc="0" uspid="1792" ordinal="0" offset="0" sl="17" sc="36" el="17" ec="46" bec="0" bev="0" fileid="72" />
            </Method>
          </Methods>
        </Class>
        <Class>
          <Summary numSequencePoints="3" visitedSequencePoints="0" numBranchPoints="1" visitedBranchPoints="0" sequenceCoverage="0" branchCoverage="0" maxCyclomaticComplexity="1" minCyclomaticComplexity="1" maxCrapScore="2" minCrapScore="2" visitedClasses="0" numClasses="1" visitedMethods="0" numMethods="1" />
          <FullName>Dialog.Client.Messages.PostValueMessage</FullName>
          <Methods>
            <Method skippedDueTo="AutoImplementedProperty" visited="false" cyclomaticComplexity="1" nPathComplexity="0" sequenceCoverage="0" branchCoverage="0" crapScore="0" isConstructor="false" isStatic="false" isGetter="true" isSetter="false">
              <MetadataToken>100663465</MetadataToken>
              <Name>System.Collections.Generic.Dictionary`2&lt;System.String,System.Object&gt; Dialog.Client.Messages.PostValueMessage::get_Values()</Name>
              <FileRef uid="73" />
              <SequencePoints />
              <BranchPoints />
            </Method>
            <Method skippedDueTo="AutoImplementedProperty" visited="false" cyclomaticComplexity="1" nPathComplexity="0" sequenceCoverage="0" branchCoverage="0" crapScore="0" isConstructor="false" isStatic="false" isGetter="false" isSetter="true">
              <MetadataToken>100663466</MetadataToken>
              <Name>System.Void Dialog.Client.Messages.PostValueMessage::set_Values(System.Collections.Generic.Dictionary`2&lt;System.String,System.Object&gt;)</Name>
              <FileRef uid="73" />
              <SequencePoints />
              <BranchPoints />
            </Method>
            <Method visited="false" cyclomaticComplexity="1" nPathComplexity="0" sequenceCoverage="0" branchCoverage="0" crapScore="2" isConstructor="true" isStatic="false" isGetter="false" isSetter="false">
              <Summary numSequencePoints="3" visitedSequencePoints="0" numBranchPoints="1" visitedBranchPoints="0" sequenceCoverage="0" branchCoverage="0" maxCyclomaticComplexity="1" minCyclomaticComplexity="1" maxCrapScore="2" minCrapScore="2" visitedClasses="0" numClasses="0" visitedMethods="0" numMethods="1" />
              <MetadataToken>100663467</MetadataToken>
              <Name>System.Void Dialog.Client.Messages.PostValueMessage::.ctor()</Name>
              <FileRef uid="73" />
              <SequencePoints>
                <SequencePoint vc="0" uspid="1795" ordinal="0" offset="0" sl="15" sc="37" el="15" ec="47" bec="0" bev="0" fileid="73" />
                <SequencePoint vc="0" uspid="1796" ordinal="1" offset="12" sl="15" sc="48" el="15" ec="49" bec="0" bev="0" fileid="73" />
                <SequencePoint vc="0" uspid="1797" ordinal="2" offset="13" sl="15" sc="50" el="15" ec="51" bec="0" bev="0" fileid="73" />
              </SequencePoints>
              <BranchPoints />
              <MethodPoint xsi:type="SequencePoint" vc="0" uspid="1795" ordinal="0" offset="0" sl="15" sc="37" el="15" ec="47" bec="0" bev="0" fileid="73" />
            </Method>
          </Methods>
        </Class>
        <Class>
          <Summary numSequencePoints="3" visitedSequencePoints="0" numBranchPoints="1" visitedBranchPoints="0" sequenceCoverage="0" branchCoverage="0" maxCyclomaticComplexity="1" minCyclomaticComplexity="1" maxCrapScore="2" minCrapScore="2" visitedClasses="0" numClasses="1" visitedMethods="0" numMethods="1" />
          <FullName>Dialog.Client.Messages.PostVariableMessage</FullName>
          <Methods>
            <Method skippedDueTo="AutoImplementedProperty" visited="false" cyclomaticComplexity="1" nPathComplexity="0" sequenceCoverage="0" branchCoverage="0" crapScore="0" isConstructor="false" isStatic="false" isGetter="true" isSetter="false">
              <MetadataToken>100663468</MetadataToken>
              <Name>Dialog.Variable[] Dialog.Client.Messages.PostVariableMessage::get_Variables()</Name>
              <FileRef uid="74" />
              <SequencePoints />
              <BranchPoints />
            </Method>
            <Method skippedDueTo="AutoImplementedProperty" visited="false" cyclomaticComplexity="1" nPathComplexity="0" sequenceCoverage="0" branchCoverage="0" crapScore="0" isConstructor="false" isStatic="false" isGetter="false" isSetter="true">
              <MetadataToken>100663469</MetadataToken>
              <Name>System.Void Dialog.Client.Messages.PostVariableMessage::set_Variables(Dialog.Variable[])</Name>
              <FileRef uid="74" />
              <SequencePoints />
              <BranchPoints />
            </Method>
            <Method visited="false" cyclomaticComplexity="1" nPathComplexity="0" sequenceCoverage="0" branchCoverage="0" crapScore="2" isConstructor="true" isStatic="false" isGetter="false" isSetter="false">
              <Summary numSequencePoints="3" visitedSequencePoints="0" numBranchPoints="1" visitedBranchPoints="0" sequenceCoverage="0" branchCoverage="0" maxCyclomaticComplexity="1" minCyclomaticComplexity="1" maxCrapScore="2" minCrapScore="2" visitedClasses="0" numClasses="0" visitedMethods="0" numMethods="1" />
              <MetadataToken>100663470</MetadataToken>
              <Name>System.Void Dialog.Client.Messages.PostVariableMessage::.ctor()</Name>
              <FileRef uid="74" />
              <SequencePoints>
                <SequencePoint vc="0" uspid="1798" ordinal="0" offset="0" sl="17" sc="40" el="17" ec="50" bec="0" bev="0" fileid="74" />
                <SequencePoint vc="0" uspid="1799" ordinal="1" offset="12" sl="17" sc="51" el="17" ec="52" bec="0" bev="0" fileid="74" />
                <SequencePoint vc="0" uspid="1800" ordinal="2" offset="13" sl="17" sc="53" el="17" ec="54" bec="0" bev="0" fileid="74" />
              </SequencePoints>
              <BranchPoints />
              <MethodPoint xsi:type="SequencePoint" vc="0" uspid="1798" ordinal="0" offset="0" sl="17" sc="40" el="17" ec="50" bec="0" bev="0" fileid="74" />
            </Method>
          </Methods>
        </Class>
      </Classes>
      <TrackedMethods />
    </Module>
  </Modules>
</CoverageSession>